
*** Running vivado
    with args -log Problem_3.vdi -applog -m64 -messageDb vivado.pb -mode batch -source Problem_3.tcl -notrace


****** Vivado v2015.3 (64-bit)
  **** SW Build 1368829 on Mon Sep 28 20:06:39 MDT 2015
  **** IP Build 1367837 on Mon Sep 28 08:56:14 MDT 2015
    ** Copyright 1986-2015 Xilinx, Inc. All Rights Reserved.

source Problem_3.tcl -notrace
Design is defaulting to srcset: sources_1
Design is defaulting to constrset: constrs_1
INFO: [Netlist 29-17] Analyzing 13 Unisim elements for replacement
INFO: [Netlist 29-28] Unisim Transformation completed in 0 CPU seconds
INFO: [Project 1-479] Netlist was created with Vivado 2015.3
INFO: [Device 21-403] Loading part xc7a35tcpg236-1
INFO: [Project 1-570] Preparing netlist for logic optimization
Parsing XDC File [/home/mbrandone/Desktop/2015Year/ELEN232/project_4/project_4.srcs/constrs_1/new/Problem_1_constraints.xdc]
WARNING: [Vivado 12-584] No ports matched 'An[3]'. [/home/mbrandone/Desktop/2015Year/ELEN232/project_4/project_4.srcs/constrs_1/new/Problem_1_constraints.xdc:2]
CRITICAL WARNING: [Common 17-55] 'set_property' expects at least one object. [/home/mbrandone/Desktop/2015Year/ELEN232/project_4/project_4.srcs/constrs_1/new/Problem_1_constraints.xdc:2]
Resolution: If [get_<value>] was used to populate the object, check to make sure this command returns at least one valid object.
WARNING: [Vivado 12-584] No ports matched 'An[3]'. [/home/mbrandone/Desktop/2015Year/ELEN232/project_4/project_4.srcs/constrs_1/new/Problem_1_constraints.xdc:3]
CRITICAL WARNING: [Common 17-55] 'set_property' expects at least one object. [/home/mbrandone/Desktop/2015Year/ELEN232/project_4/project_4.srcs/constrs_1/new/Problem_1_constraints.xdc:3]
Resolution: If [get_<value>] was used to populate the object, check to make sure this command returns at least one valid object.
WARNING: [Vivado 12-584] No ports matched 'An[2]'. [/home/mbrandone/Desktop/2015Year/ELEN232/project_4/project_4.srcs/constrs_1/new/Problem_1_constraints.xdc:5]
CRITICAL WARNING: [Common 17-55] 'set_property' expects at least one object. [/home/mbrandone/Desktop/2015Year/ELEN232/project_4/project_4.srcs/constrs_1/new/Problem_1_constraints.xdc:5]
Resolution: If [get_<value>] was used to populate the object, check to make sure this command returns at least one valid object.
WARNING: [Vivado 12-584] No ports matched 'An[2]'. [/home/mbrandone/Desktop/2015Year/ELEN232/project_4/project_4.srcs/constrs_1/new/Problem_1_constraints.xdc:6]
CRITICAL WARNING: [Common 17-55] 'set_property' expects at least one object. [/home/mbrandone/Desktop/2015Year/ELEN232/project_4/project_4.srcs/constrs_1/new/Problem_1_constraints.xdc:6]
Resolution: If [get_<value>] was used to populate the object, check to make sure this command returns at least one valid object.
WARNING: [Vivado 12-584] No ports matched 'An[1]'. [/home/mbrandone/Desktop/2015Year/ELEN232/project_4/project_4.srcs/constrs_1/new/Problem_1_constraints.xdc:8]
CRITICAL WARNING: [Common 17-55] 'set_property' expects at least one object. [/home/mbrandone/Desktop/2015Year/ELEN232/project_4/project_4.srcs/constrs_1/new/Problem_1_constraints.xdc:8]
Resolution: If [get_<value>] was used to populate the object, check to make sure this command returns at least one valid object.
WARNING: [Vivado 12-584] No ports matched 'An[1]'. [/home/mbrandone/Desktop/2015Year/ELEN232/project_4/project_4.srcs/constrs_1/new/Problem_1_constraints.xdc:9]
CRITICAL WARNING: [Common 17-55] 'set_property' expects at least one object. [/home/mbrandone/Desktop/2015Year/ELEN232/project_4/project_4.srcs/constrs_1/new/Problem_1_constraints.xdc:9]
Resolution: If [get_<value>] was used to populate the object, check to make sure this command returns at least one valid object.
WARNING: [Vivado 12-584] No ports matched 'An[0]'. [/home/mbrandone/Desktop/2015Year/ELEN232/project_4/project_4.srcs/constrs_1/new/Problem_1_constraints.xdc:11]
CRITICAL WARNING: [Common 17-55] 'set_property' expects at least one object. [/home/mbrandone/Desktop/2015Year/ELEN232/project_4/project_4.srcs/constrs_1/new/Problem_1_constraints.xdc:11]
Resolution: If [get_<value>] was used to populate the object, check to make sure this command returns at least one valid object.
WARNING: [Vivado 12-584] No ports matched 'An[0]'. [/home/mbrandone/Desktop/2015Year/ELEN232/project_4/project_4.srcs/constrs_1/new/Problem_1_constraints.xdc:12]
CRITICAL WARNING: [Common 17-55] 'set_property' expects at least one object. [/home/mbrandone/Desktop/2015Year/ELEN232/project_4/project_4.srcs/constrs_1/new/Problem_1_constraints.xdc:12]
Resolution: If [get_<value>] was used to populate the object, check to make sure this command returns at least one valid object.
WARNING: [Vivado 12-584] No ports matched 'Hex[0]'. [/home/mbrandone/Desktop/2015Year/ELEN232/project_4/project_4.srcs/constrs_1/new/Problem_1_constraints.xdc:14]
CRITICAL WARNING: [Common 17-55] 'set_property' expects at least one object. [/home/mbrandone/Desktop/2015Year/ELEN232/project_4/project_4.srcs/constrs_1/new/Problem_1_constraints.xdc:14]
Resolution: If [get_<value>] was used to populate the object, check to make sure this command returns at least one valid object.
WARNING: [Vivado 12-584] No ports matched 'Hex[0]'. [/home/mbrandone/Desktop/2015Year/ELEN232/project_4/project_4.srcs/constrs_1/new/Problem_1_constraints.xdc:15]
CRITICAL WARNING: [Common 17-55] 'set_property' expects at least one object. [/home/mbrandone/Desktop/2015Year/ELEN232/project_4/project_4.srcs/constrs_1/new/Problem_1_constraints.xdc:15]
Resolution: If [get_<value>] was used to populate the object, check to make sure this command returns at least one valid object.
WARNING: [Vivado 12-584] No ports matched 'Hex[1]'. [/home/mbrandone/Desktop/2015Year/ELEN232/project_4/project_4.srcs/constrs_1/new/Problem_1_constraints.xdc:17]
CRITICAL WARNING: [Common 17-55] 'set_property' expects at least one object. [/home/mbrandone/Desktop/2015Year/ELEN232/project_4/project_4.srcs/constrs_1/new/Problem_1_constraints.xdc:17]
Resolution: If [get_<value>] was used to populate the object, check to make sure this command returns at least one valid object.
WARNING: [Vivado 12-584] No ports matched 'Hex[1]'. [/home/mbrandone/Desktop/2015Year/ELEN232/project_4/project_4.srcs/constrs_1/new/Problem_1_constraints.xdc:18]
CRITICAL WARNING: [Common 17-55] 'set_property' expects at least one object. [/home/mbrandone/Desktop/2015Year/ELEN232/project_4/project_4.srcs/constrs_1/new/Problem_1_constraints.xdc:18]
Resolution: If [get_<value>] was used to populate the object, check to make sure this command returns at least one valid object.
WARNING: [Vivado 12-584] No ports matched 'Hex[2]'. [/home/mbrandone/Desktop/2015Year/ELEN232/project_4/project_4.srcs/constrs_1/new/Problem_1_constraints.xdc:20]
CRITICAL WARNING: [Common 17-55] 'set_property' expects at least one object. [/home/mbrandone/Desktop/2015Year/ELEN232/project_4/project_4.srcs/constrs_1/new/Problem_1_constraints.xdc:20]
Resolution: If [get_<value>] was used to populate the object, check to make sure this command returns at least one valid object.
WARNING: [Vivado 12-584] No ports matched 'Hex[2]'. [/home/mbrandone/Desktop/2015Year/ELEN232/project_4/project_4.srcs/constrs_1/new/Problem_1_constraints.xdc:21]
CRITICAL WARNING: [Common 17-55] 'set_property' expects at least one object. [/home/mbrandone/Desktop/2015Year/ELEN232/project_4/project_4.srcs/constrs_1/new/Problem_1_constraints.xdc:21]
Resolution: If [get_<value>] was used to populate the object, check to make sure this command returns at least one valid object.
WARNING: [Vivado 12-584] No ports matched 'Hex[3]'. [/home/mbrandone/Desktop/2015Year/ELEN232/project_4/project_4.srcs/constrs_1/new/Problem_1_constraints.xdc:23]
CRITICAL WARNING: [Common 17-55] 'set_property' expects at least one object. [/home/mbrandone/Desktop/2015Year/ELEN232/project_4/project_4.srcs/constrs_1/new/Problem_1_constraints.xdc:23]
Resolution: If [get_<value>] was used to populate the object, check to make sure this command returns at least one valid object.
WARNING: [Vivado 12-584] No ports matched 'Hex[3]'. [/home/mbrandone/Desktop/2015Year/ELEN232/project_4/project_4.srcs/constrs_1/new/Problem_1_constraints.xdc:24]
CRITICAL WARNING: [Common 17-55] 'set_property' expects at least one object. [/home/mbrandone/Desktop/2015Year/ELEN232/project_4/project_4.srcs/constrs_1/new/Problem_1_constraints.xdc:24]
Resolution: If [get_<value>] was used to populate the object, check to make sure this command returns at least one valid object.
WARNING: [Vivado 12-584] No ports matched 'Hex[4]'. [/home/mbrandone/Desktop/2015Year/ELEN232/project_4/project_4.srcs/constrs_1/new/Problem_1_constraints.xdc:26]
CRITICAL WARNING: [Common 17-55] 'set_property' expects at least one object. [/home/mbrandone/Desktop/2015Year/ELEN232/project_4/project_4.srcs/constrs_1/new/Problem_1_constraints.xdc:26]
Resolution: If [get_<value>] was used to populate the object, check to make sure this command returns at least one valid object.
WARNING: [Vivado 12-584] No ports matched 'Hex[4]'. [/home/mbrandone/Desktop/2015Year/ELEN232/project_4/project_4.srcs/constrs_1/new/Problem_1_constraints.xdc:27]
CRITICAL WARNING: [Common 17-55] 'set_property' expects at least one object. [/home/mbrandone/Desktop/2015Year/ELEN232/project_4/project_4.srcs/constrs_1/new/Problem_1_constraints.xdc:27]
Resolution: If [get_<value>] was used to populate the object, check to make sure this command returns at least one valid object.
WARNING: [Vivado 12-584] No ports matched 'Hex[5]'. [/home/mbrandone/Desktop/2015Year/ELEN232/project_4/project_4.srcs/constrs_1/new/Problem_1_constraints.xdc:29]
CRITICAL WARNING: [Common 17-55] 'set_property' expects at least one object. [/home/mbrandone/Desktop/2015Year/ELEN232/project_4/project_4.srcs/constrs_1/new/Problem_1_constraints.xdc:29]
Resolution: If [get_<value>] was used to populate the object, check to make sure this command returns at least one valid object.
WARNING: [Vivado 12-584] No ports matched 'Hex[5]'. [/home/mbrandone/Desktop/2015Year/ELEN232/project_4/project_4.srcs/constrs_1/new/Problem_1_constraints.xdc:30]
CRITICAL WARNING: [Common 17-55] 'set_property' expects at least one object. [/home/mbrandone/Desktop/2015Year/ELEN232/project_4/project_4.srcs/constrs_1/new/Problem_1_constraints.xdc:30]
Resolution: If [get_<value>] was used to populate the object, check to make sure this command returns at least one valid object.
WARNING: [Vivado 12-584] No ports matched 'Hex[6]'. [/home/mbrandone/Desktop/2015Year/ELEN232/project_4/project_4.srcs/constrs_1/new/Problem_1_constraints.xdc:32]
CRITICAL WARNING: [Common 17-55] 'set_property' expects at least one object. [/home/mbrandone/Desktop/2015Year/ELEN232/project_4/project_4.srcs/constrs_1/new/Problem_1_constraints.xdc:32]
Resolution: If [get_<value>] was used to populate the object, check to make sure this command returns at least one valid object.
WARNING: [Vivado 12-584] No ports matched 'Hex[6]'. [/home/mbrandone/Desktop/2015Year/ELEN232/project_4/project_4.srcs/constrs_1/new/Problem_1_constraints.xdc:33]
CRITICAL WARNING: [Common 17-55] 'set_property' expects at least one object. [/home/mbrandone/Desktop/2015Year/ELEN232/project_4/project_4.srcs/constrs_1/new/Problem_1_constraints.xdc:33]
Resolution: If [get_<value>] was used to populate the object, check to make sure this command returns at least one valid object.
WARNING: [Vivado 12-584] No ports matched 'Bin[0]'. [/home/mbrandone/Desktop/2015Year/ELEN232/project_4/project_4.srcs/constrs_1/new/Problem_1_constraints.xdc:35]
CRITICAL WARNING: [Common 17-55] 'set_property' expects at least one object. [/home/mbrandone/Desktop/2015Year/ELEN232/project_4/project_4.srcs/constrs_1/new/Problem_1_constraints.xdc:35]
Resolution: If [get_<value>] was used to populate the object, check to make sure this command returns at least one valid object.
WARNING: [Vivado 12-584] No ports matched 'Bin[0]'. [/home/mbrandone/Desktop/2015Year/ELEN232/project_4/project_4.srcs/constrs_1/new/Problem_1_constraints.xdc:36]
CRITICAL WARNING: [Common 17-55] 'set_property' expects at least one object. [/home/mbrandone/Desktop/2015Year/ELEN232/project_4/project_4.srcs/constrs_1/new/Problem_1_constraints.xdc:36]
Resolution: If [get_<value>] was used to populate the object, check to make sure this command returns at least one valid object.
WARNING: [Vivado 12-584] No ports matched 'Bin[1]'. [/home/mbrandone/Desktop/2015Year/ELEN232/project_4/project_4.srcs/constrs_1/new/Problem_1_constraints.xdc:38]
CRITICAL WARNING: [Common 17-55] 'set_property' expects at least one object. [/home/mbrandone/Desktop/2015Year/ELEN232/project_4/project_4.srcs/constrs_1/new/Problem_1_constraints.xdc:38]
Resolution: If [get_<value>] was used to populate the object, check to make sure this command returns at least one valid object.
WARNING: [Vivado 12-584] No ports matched 'Bin[1]'. [/home/mbrandone/Desktop/2015Year/ELEN232/project_4/project_4.srcs/constrs_1/new/Problem_1_constraints.xdc:39]
CRITICAL WARNING: [Common 17-55] 'set_property' expects at least one object. [/home/mbrandone/Desktop/2015Year/ELEN232/project_4/project_4.srcs/constrs_1/new/Problem_1_constraints.xdc:39]
Resolution: If [get_<value>] was used to populate the object, check to make sure this command returns at least one valid object.
WARNING: [Vivado 12-584] No ports matched 'Bin[2]'. [/home/mbrandone/Desktop/2015Year/ELEN232/project_4/project_4.srcs/constrs_1/new/Problem_1_constraints.xdc:41]
CRITICAL WARNING: [Common 17-55] 'set_property' expects at least one object. [/home/mbrandone/Desktop/2015Year/ELEN232/project_4/project_4.srcs/constrs_1/new/Problem_1_constraints.xdc:41]
Resolution: If [get_<value>] was used to populate the object, check to make sure this command returns at least one valid object.
WARNING: [Vivado 12-584] No ports matched 'Bin[2]'. [/home/mbrandone/Desktop/2015Year/ELEN232/project_4/project_4.srcs/constrs_1/new/Problem_1_constraints.xdc:42]
CRITICAL WARNING: [Common 17-55] 'set_property' expects at least one object. [/home/mbrandone/Desktop/2015Year/ELEN232/project_4/project_4.srcs/constrs_1/new/Problem_1_constraints.xdc:42]
Resolution: If [get_<value>] was used to populate the object, check to make sure this command returns at least one valid object.
WARNING: [Vivado 12-584] No ports matched 'Bin[3]'. [/home/mbrandone/Desktop/2015Year/ELEN232/project_4/project_4.srcs/constrs_1/new/Problem_1_constraints.xdc:44]
CRITICAL WARNING: [Common 17-55] 'set_property' expects at least one object. [/home/mbrandone/Desktop/2015Year/ELEN232/project_4/project_4.srcs/constrs_1/new/Problem_1_constraints.xdc:44]
Resolution: If [get_<value>] was used to populate the object, check to make sure this command returns at least one valid object.
WARNING: [Vivado 12-584] No ports matched 'Bin[3]'. [/home/mbrandone/Desktop/2015Year/ELEN232/project_4/project_4.srcs/constrs_1/new/Problem_1_constraints.xdc:45]
CRITICAL WARNING: [Common 17-55] 'set_property' expects at least one object. [/home/mbrandone/Desktop/2015Year/ELEN232/project_4/project_4.srcs/constrs_1/new/Problem_1_constraints.xdc:45]
Resolution: If [get_<value>] was used to populate the object, check to make sure this command returns at least one valid object.
Finished Parsing XDC File [/home/mbrandone/Desktop/2015Year/ELEN232/project_4/project_4.srcs/constrs_1/new/Problem_1_constraints.xdc]
Parsing XDC File [/home/mbrandone/Desktop/2015Year/ELEN232/project_4/project_4.srcs/constrs_1/new/Problem_3_constraints.xdc]
Finished Parsing XDC File [/home/mbrandone/Desktop/2015Year/ELEN232/project_4/project_4.srcs/constrs_1/new/Problem_3_constraints.xdc]
INFO: [Opt 31-138] Pushed 0 inverter(s) to 0 load pin(s).
INFO: [Project 1-111] Unisim Transformation Summary:
No Unisim elements were transformed.

link_design: Time (s): cpu = 00:00:10 ; elapsed = 00:00:10 . Memory (MB): peak = 1207.719 ; gain = 275.461 ; free physical = 2916 ; free virtual = 12870
Command: opt_design
Attempting to get a license for feature 'Implementation' and/or device 'xc7a35t'
INFO: [Common 17-349] Got license for feature 'Implementation' and/or device 'xc7a35t'
Running DRC as a precondition to command opt_design

Starting DRC Task
INFO: [DRC 23-27] Running DRC with 8 threads
INFO: [Project 1-461] DRC finished with 0 Errors
INFO: [Project 1-462] Please refer to the DRC report (report_drc) for more information.

Time (s): cpu = 00:00:00.21 ; elapsed = 00:00:00.22 . Memory (MB): peak = 1279.754 ; gain = 64.031 ; free physical = 2912 ; free virtual = 12866
INFO: [Timing 38-35] Done setting XDC timing constraints.

Starting Logic Optimization Task
Implement Debug Cores | Checksum: fc7c0234

Phase 1 Retarget
INFO: [Opt 31-138] Pushed 0 inverter(s) to 0 load pin(s).
INFO: [Opt 31-49] Retargeted 0 cell(s).
Phase 1 Retarget | Checksum: fc7c0234

Time (s): cpu = 00:00:00.02 ; elapsed = 00:00:00.02 . Memory (MB): peak = 1700.184 ; gain = 0.000 ; free physical = 2535 ; free virtual = 12538

Phase 2 Constant Propagation
INFO: [Opt 31-138] Pushed 0 inverter(s) to 0 load pin(s).
INFO: [Opt 31-10] Eliminated 0 cells.
Phase 2 Constant Propagation | Checksum: fc7c0234

Time (s): cpu = 00:00:00.02 ; elapsed = 00:00:00.02 . Memory (MB): peak = 1700.184 ; gain = 0.000 ; free physical = 2535 ; free virtual = 12538

Phase 3 Sweep
INFO: [Opt 31-12] Eliminated 0 unconnected nets.
INFO: [Opt 31-11] Eliminated 0 unconnected cells.
Phase 3 Sweep | Checksum: fc7c0234

Time (s): cpu = 00:00:00.03 ; elapsed = 00:00:00.03 . Memory (MB): peak = 1700.184 ; gain = 0.000 ; free physical = 2535 ; free virtual = 12538

Starting Connectivity Check Task

Time (s): cpu = 00:00:00 ; elapsed = 00:00:00 . Memory (MB): peak = 1700.184 ; gain = 0.000 ; free physical = 2535 ; free virtual = 12538
Ending Logic Optimization Task | Checksum: fc7c0234

Time (s): cpu = 00:00:00.03 ; elapsed = 00:00:00.04 . Memory (MB): peak = 1700.184 ; gain = 0.000 ; free physical = 2535 ; free virtual = 12538

Starting Power Optimization Task
INFO: [Pwropt 34-132] Skipping clock gating for clocks with a period < 2.00 ns.
Ending Power Optimization Task | Checksum: fc7c0234

Time (s): cpu = 00:00:00.03 ; elapsed = 00:00:00.02 . Memory (MB): peak = 1700.184 ; gain = 0.000 ; free physical = 2535 ; free virtual = 12538
INFO: [Common 17-83] Releasing license: Implementation
20 Infos, 30 Warnings, 30 Critical Warnings and 0 Errors encountered.
opt_design completed successfully
opt_design: Time (s): cpu = 00:00:31 ; elapsed = 00:00:32 . Memory (MB): peak = 1700.184 ; gain = 492.465 ; free physical = 2535 ; free virtual = 12538
Writing placer database...
Writing XDEF routing.
Writing XDEF routing logical nets.
Writing XDEF routing special nets.
Write XDEF Complete: Time (s): cpu = 00:00:00.05 ; elapsed = 00:00:00.03 . Memory (MB): peak = 1732.199 ; gain = 0.000 ; free physical = 2534 ; free virtual = 12538
INFO: [DRC 23-27] Running DRC with 8 threads
INFO: [Coretcl 2-168] The results of DRC are in file /home/mbrandone/Desktop/2015Year/ELEN232/project_4/project_4.runs/impl_1/Problem_3_drc_opted.rpt.
INFO: [Vivado_Tcl 4-424] Cannot write hardware definition file as there are no IPI block design hardware handoff files present
Command: place_design
Attempting to get a license for feature 'Implementation' and/or device 'xc7a35t'
INFO: [Common 17-349] Got license for feature 'Implementation' and/or device 'xc7a35t'
INFO: [DRC 23-27] Running DRC with 8 threads
INFO: [Vivado_Tcl 4-198] DRC finished with 0 Errors
INFO: [Vivado_Tcl 4-199] Please refer to the DRC report (report_drc) for more information.
Running DRC as a precondition to command place_design
INFO: [DRC 23-27] Running DRC with 8 threads
INFO: [Vivado_Tcl 4-198] DRC finished with 0 Errors
INFO: [Vivado_Tcl 4-199] Please refer to the DRC report (report_drc) for more information.

Starting Placer Task
INFO: [Place 30-611] Multithreading enabled for place_design using a maximum of 8 CPUs

Phase 1 Placer Initialization
Netlist sorting complete. Time (s): cpu = 00:00:00 ; elapsed = 00:00:00 . Memory (MB): peak = 1764.215 ; gain = 0.000 ; free physical = 2536 ; free virtual = 12539
Netlist sorting complete. Time (s): cpu = 00:00:00 ; elapsed = 00:00:00 . Memory (MB): peak = 1764.215 ; gain = 0.000 ; free physical = 2536 ; free virtual = 12539

Phase 1.1 IO Placement/ Clock Placement/ Build Placer Device

Phase 1.1.1 Pre-Place Cells
Phase 1.1.1 Pre-Place Cells | Checksum: a4874dd3

Time (s): cpu = 00:00:00.06 ; elapsed = 00:00:00.06 . Memory (MB): peak = 1764.215 ; gain = 0.000 ; free physical = 2536 ; free virtual = 12539
INFO: [Timing 38-35] Done setting XDC timing constraints.

Phase 1.1.2 IO and Clk Clean Up
Phase 1.1.2 IO and Clk Clean Up | Checksum: a4874dd3

Time (s): cpu = 00:00:02 ; elapsed = 00:00:01 . Memory (MB): peak = 1780.223 ; gain = 16.008 ; free physical = 2607 ; free virtual = 12600

Phase 1.1.3 Implementation Feasibility check On IDelay
Phase 1.1.3 Implementation Feasibility check On IDelay | Checksum: a4874dd3

Time (s): cpu = 00:00:02 ; elapsed = 00:00:01 . Memory (MB): peak = 1780.223 ; gain = 16.008 ; free physical = 2607 ; free virtual = 12600

Phase 1.1.4 Commit IO Placement
Phase 1.1.4 Commit IO Placement | Checksum: a4874dd3

Time (s): cpu = 00:00:02 ; elapsed = 00:00:01 . Memory (MB): peak = 1780.223 ; gain = 16.008 ; free physical = 2607 ; free virtual = 12600
Phase 1.1 IO Placement/ Clock Placement/ Build Placer Device | Checksum: cc3dce4c

Time (s): cpu = 00:00:02 ; elapsed = 00:00:01 . Memory (MB): peak = 1780.223 ; gain = 16.008 ; free physical = 2607 ; free virtual = 12600

Phase 1.2 Build Placer Netlist Model

Phase 1.2.1 Place Init Design
Phase 1.2.1 Place Init Design | Checksum: 11121d509

Time (s): cpu = 00:00:02 ; elapsed = 00:00:01 . Memory (MB): peak = 1780.223 ; gain = 16.008 ; free physical = 2607 ; free virtual = 12600
Phase 1.2 Build Placer Netlist Model | Checksum: 11121d509

Time (s): cpu = 00:00:02 ; elapsed = 00:00:01 . Memory (MB): peak = 1780.223 ; gain = 16.008 ; free physical = 2607 ; free virtual = 12600

Phase 1.3 Constrain Clocks/Macros

Phase 1.3.1 Constrain Global/Regional Clocks
Phase 1.3.1 Constrain Global/Regional Clocks | Checksum: 11121d509

Time (s): cpu = 00:00:02 ; elapsed = 00:00:01 . Memory (MB): peak = 1780.223 ; gain = 16.008 ; free physical = 2607 ; free virtual = 12599
Phase 1.3 Constrain Clocks/Macros | Checksum: 11121d509

Time (s): cpu = 00:00:02 ; elapsed = 00:00:01 . Memory (MB): peak = 1780.223 ; gain = 16.008 ; free physical = 2607 ; free virtual = 12599
Phase 1 Placer Initialization | Checksum: 11121d509

Time (s): cpu = 00:00:02 ; elapsed = 00:00:01 . Memory (MB): peak = 1780.223 ; gain = 16.008 ; free physical = 2607 ; free virtual = 12599

Phase 2 Global Placement
SimPL: WL = 99534 (48598, 50936)
SimPL: WL = 93275 (45590, 47685)
SimPL: WL = 91317 (44388, 46929)
SimPL: WL = 90695 (43849, 46846)
SimPL: WL = 90136 (43340, 46796)
Phase 2 Global Placement | Checksum: 13630ea0f

Time (s): cpu = 00:00:11 ; elapsed = 00:00:03 . Memory (MB): peak = 1832.242 ; gain = 68.027 ; free physical = 2541 ; free virtual = 12537

Phase 3 Detail Placement

Phase 3.1 Commit Multi Column Macros
Phase 3.1 Commit Multi Column Macros | Checksum: 13630ea0f

Time (s): cpu = 00:00:11 ; elapsed = 00:00:03 . Memory (MB): peak = 1832.242 ; gain = 68.027 ; free physical = 2541 ; free virtual = 12537

Phase 3.2 Commit Most Macros & LUTRAMs
Phase 3.2 Commit Most Macros & LUTRAMs | Checksum: f2b815d4

Time (s): cpu = 00:00:12 ; elapsed = 00:00:03 . Memory (MB): peak = 1832.242 ; gain = 68.027 ; free physical = 2541 ; free virtual = 12537

Phase 3.3 Area Swap Optimization
Phase 3.3 Area Swap Optimization | Checksum: 19adc7b54

Time (s): cpu = 00:00:12 ; elapsed = 00:00:03 . Memory (MB): peak = 1832.242 ; gain = 68.027 ; free physical = 2539 ; free virtual = 12535

Phase 3.4 Small Shape Detail Placement

Phase 3.4.1 Commit Small Macros and Core Logic

Phase 3.4.1.1 Commit Slice Clusters
Phase 3.4.1.1 Commit Slice Clusters | Checksum: 174ae6616

Time (s): cpu = 00:00:13 ; elapsed = 00:00:04 . Memory (MB): peak = 1832.242 ; gain = 68.027 ; free physical = 2528 ; free virtual = 12524
Phase 3.4.1 Commit Small Macros and Core Logic | Checksum: 174ae6616

Time (s): cpu = 00:00:13 ; elapsed = 00:00:04 . Memory (MB): peak = 1832.242 ; gain = 68.027 ; free physical = 2528 ; free virtual = 12524

Phase 3.4.2 Clock Restriction Legalization for Leaf Columns
Phase 3.4.2 Clock Restriction Legalization for Leaf Columns | Checksum: 174ae6616

Time (s): cpu = 00:00:13 ; elapsed = 00:00:04 . Memory (MB): peak = 1832.242 ; gain = 68.027 ; free physical = 2526 ; free virtual = 12522

Phase 3.4.3 Clock Restriction Legalization for Non-Clock Pins
Phase 3.4.3 Clock Restriction Legalization for Non-Clock Pins | Checksum: 174ae6616

Time (s): cpu = 00:00:13 ; elapsed = 00:00:04 . Memory (MB): peak = 1832.242 ; gain = 68.027 ; free physical = 2526 ; free virtual = 12522
Phase 3.4 Small Shape Detail Placement | Checksum: 174ae6616

Time (s): cpu = 00:00:13 ; elapsed = 00:00:04 . Memory (MB): peak = 1832.242 ; gain = 68.027 ; free physical = 2526 ; free virtual = 12522

Phase 3.5 Re-assign LUT pins
Phase 3.5 Re-assign LUT pins | Checksum: 174ae6616

Time (s): cpu = 00:00:13 ; elapsed = 00:00:04 . Memory (MB): peak = 1832.242 ; gain = 68.027 ; free physical = 2526 ; free virtual = 12522
Phase 3 Detail Placement | Checksum: 174ae6616

Time (s): cpu = 00:00:13 ; elapsed = 00:00:04 . Memory (MB): peak = 1832.242 ; gain = 68.027 ; free physical = 2526 ; free virtual = 12522

Phase 4 Post Placement Optimization and Clean-Up

Phase 4.1 Post Commit Optimization
Phase 4.1 Post Commit Optimization | Checksum: 174ae6616

Time (s): cpu = 00:00:13 ; elapsed = 00:00:04 . Memory (MB): peak = 1832.242 ; gain = 68.027 ; free physical = 2526 ; free virtual = 12522

Phase 4.2 Sweep Clock Roots: Post-Placement
Phase 4.2 Sweep Clock Roots: Post-Placement | Checksum: 174ae6616

Time (s): cpu = 00:00:13 ; elapsed = 00:00:04 . Memory (MB): peak = 1832.242 ; gain = 68.027 ; free physical = 2526 ; free virtual = 12522

Phase 4.3 Post Placement Cleanup
Phase 4.3 Post Placement Cleanup | Checksum: 174ae6616

Time (s): cpu = 00:00:13 ; elapsed = 00:00:04 . Memory (MB): peak = 1832.242 ; gain = 68.027 ; free physical = 2526 ; free virtual = 12522

Phase 4.4 Placer Reporting
Phase 4.4 Placer Reporting | Checksum: 174ae6616

Time (s): cpu = 00:00:13 ; elapsed = 00:00:04 . Memory (MB): peak = 1832.242 ; gain = 68.027 ; free physical = 2526 ; free virtual = 12522

Phase 4.5 Final Placement Cleanup
Phase 4.5 Final Placement Cleanup | Checksum: 174ae6616

Time (s): cpu = 00:00:13 ; elapsed = 00:00:04 . Memory (MB): peak = 1832.242 ; gain = 68.027 ; free physical = 2526 ; free virtual = 12522
Phase 4 Post Placement Optimization and Clean-Up | Checksum: 174ae6616

Time (s): cpu = 00:00:13 ; elapsed = 00:00:04 . Memory (MB): peak = 1832.242 ; gain = 68.027 ; free physical = 2526 ; free virtual = 12522
Ending Placer Task | Checksum: 851f8253

Time (s): cpu = 00:00:13 ; elapsed = 00:00:04 . Memory (MB): peak = 1832.242 ; gain = 68.027 ; free physical = 2526 ; free virtual = 12522
INFO: [Common 17-83] Releasing license: Implementation
33 Infos, 30 Warnings, 30 Critical Warnings and 0 Errors encountered.
place_design completed successfully
Writing placer database...
Writing XDEF routing.
Writing XDEF routing logical nets.
Writing XDEF routing special nets.
Write XDEF Complete: Time (s): cpu = 00:00:00.07 ; elapsed = 00:00:00.05 . Memory (MB): peak = 1832.242 ; gain = 0.000 ; free physical = 2525 ; free virtual = 12522
report_io: Time (s): cpu = 00:00:00.36 ; elapsed = 00:00:00.41 . Memory (MB): peak = 1832.242 ; gain = 0.000 ; free physical = 2516 ; free virtual = 12512
report_utilization: Time (s): cpu = 00:00:00.25 ; elapsed = 00:00:00.33 . Memory (MB): peak = 1832.242 ; gain = 0.000 ; free physical = 2510 ; free virtual = 12506
report_control_sets: Time (s): cpu = 00:00:00.21 ; elapsed = 00:00:00.27 . Memory (MB): peak = 1832.242 ; gain = 0.000 ; free physical = 2507 ; free virtual = 12503
Command: route_design
Attempting to get a license for feature 'Implementation' and/or device 'xc7a35t'
INFO: [Common 17-349] Got license for feature 'Implementation' and/or device 'xc7a35t'
Running DRC as a precondition to command route_design
INFO: [DRC 23-27] Running DRC with 8 threads
INFO: [Vivado_Tcl 4-198] DRC finished with 0 Errors
INFO: [Vivado_Tcl 4-199] Please refer to the DRC report (report_drc) for more information.


Starting Routing Task
INFO: [Route 35-254] Multithreading enabled for route_design using a maximum of 8 CPUs
Checksum: PlaceDB: 5d6901da ConstDB: 0 ShapeSum: 27b68079 RouteDB: 0

Phase 1 Build RT Design
Phase 1 Build RT Design | Checksum: 164f31ae2

Time (s): cpu = 00:00:52 ; elapsed = 00:00:45 . Memory (MB): peak = 1832.242 ; gain = 0.000 ; free physical = 2088 ; free virtual = 12119

Phase 2 Router Initialization
INFO: [Route 35-64] No timing constraints were detected. The router will operate in resource-optimization mode.

Phase 2.1 Pre Route Cleanup
Phase 2.1 Pre Route Cleanup | Checksum: 164f31ae2

Time (s): cpu = 00:00:52 ; elapsed = 00:00:45 . Memory (MB): peak = 1832.242 ; gain = 0.000 ; free physical = 2060 ; free virtual = 12091
 Number of Nodes with overlaps = 0
Phase 2 Router Initialization | Checksum: e860b19c

Time (s): cpu = 00:00:53 ; elapsed = 00:00:45 . Memory (MB): peak = 1833.875 ; gain = 1.633 ; free physical = 2043 ; free virtual = 12074

Phase 3 Initial Routing
Phase 3 Initial Routing | Checksum: 1762c7031

Time (s): cpu = 00:00:55 ; elapsed = 00:00:46 . Memory (MB): peak = 1833.875 ; gain = 1.633 ; free physical = 2042 ; free virtual = 12072

Phase 4 Rip-up And Reroute

Phase 4.1 Global Iteration 0
 Number of Nodes with overlaps = 3
 Number of Nodes with overlaps = 0
Phase 4.1 Global Iteration 0 | Checksum: c2301b41

Time (s): cpu = 00:00:57 ; elapsed = 00:00:46 . Memory (MB): peak = 1833.875 ; gain = 1.633 ; free physical = 2019 ; free virtual = 12050
Phase 4 Rip-up And Reroute | Checksum: c2301b41

Time (s): cpu = 00:00:57 ; elapsed = 00:00:46 . Memory (MB): peak = 1833.875 ; gain = 1.633 ; free physical = 2019 ; free virtual = 12050

Phase 5 Delay and Skew Optimization
Phase 5 Delay and Skew Optimization | Checksum: c2301b41

Time (s): cpu = 00:00:57 ; elapsed = 00:00:46 . Memory (MB): peak = 1833.875 ; gain = 1.633 ; free physical = 2019 ; free virtual = 12050

Phase 6 Post Hold Fix
Phase 6 Post Hold Fix | Checksum: c2301b41

Time (s): cpu = 00:00:57 ; elapsed = 00:00:46 . Memory (MB): peak = 1833.875 ; gain = 1.633 ; free physical = 2019 ; free virtual = 12050

Phase 7 Route finalize

Router Utilization Summary
  Global Vertical Routing Utilization    = 0.0428924 %
  Global Horizontal Routing Utilization  = 0.0478917 %
  Routable Net Status*
  *Does not include unroutable nets such as driverless and loadless.
  Run report_route_status for detailed report.
  Number of Failed Nets               = 0
  Number of Unrouted Nets             = 0
  Number of Partially Routed Nets     = 0
  Number of Node Overlaps             = 0

Congestion Report
North Dir 1x1 Area, Max Cong = 16.2162%, No Congested Regions.
South Dir 1x1 Area, Max Cong = 21.6216%, No Congested Regions.
East Dir 1x1 Area, Max Cong = 14.7059%, No Congested Regions.
West Dir 1x1 Area, Max Cong = 8.82353%, No Congested Regions.
Phase 7 Route finalize | Checksum: c2301b41

Time (s): cpu = 00:00:58 ; elapsed = 00:00:46 . Memory (MB): peak = 1833.875 ; gain = 1.633 ; free physical = 2018 ; free virtual = 12050

Phase 8 Verifying routed nets

 Verification completed successfully
Phase 8 Verifying routed nets | Checksum: c2301b41

Time (s): cpu = 00:00:58 ; elapsed = 00:00:46 . Memory (MB): peak = 1836.875 ; gain = 4.633 ; free physical = 2016 ; free virtual = 12048

Phase 9 Depositing Routes
Phase 9 Depositing Routes | Checksum: 8edaa6f8

Time (s): cpu = 00:00:58 ; elapsed = 00:00:46 . Memory (MB): peak = 1836.875 ; gain = 4.633 ; free physical = 2016 ; free virtual = 12048
INFO: [Route 35-16] Router Completed Successfully

Time (s): cpu = 00:00:58 ; elapsed = 00:00:46 . Memory (MB): peak = 1836.875 ; gain = 4.633 ; free physical = 2016 ; free virtual = 12048

Routing Is Done.
INFO: [Common 17-83] Releasing license: Implementation
41 Infos, 30 Warnings, 30 Critical Warnings and 0 Errors encountered.
route_design completed successfully
route_design: Time (s): cpu = 00:00:59 ; elapsed = 00:00:47 . Memory (MB): peak = 1839.023 ; gain = 6.781 ; free physical = 2016 ; free virtual = 12048
Writing placer database...
Writing XDEF routing.
Writing XDEF routing logical nets.
Writing XDEF routing special nets.
Write XDEF Complete: Time (s): cpu = 00:00:00.07 ; elapsed = 00:00:00.04 . Memory (MB): peak = 1839.023 ; gain = 0.000 ; free physical = 2015 ; free virtual = 12047
INFO: [DRC 23-27] Running DRC with 8 threads
INFO: [Coretcl 2-168] The results of DRC are in file /home/mbrandone/Desktop/2015Year/ELEN232/project_4/project_4.runs/impl_1/Problem_3_drc_routed.rpt.
INFO: [Timing 38-91] UpdateTimingParams: Speed grade: -1, Delay Type: min_max.
INFO: [Timing 38-191] Multithreading enabled for timing update using a maximum of 8 CPUs
WARNING: [Timing 38-313] There are no user specified timing constraints. Timing constraints are needed for proper timing analysis.
WARNING: [Power 33-232] No user defined clocks were found in the design!
Resolution: Please specify clocks using create_clock/create_generated_clock for sequential elements. For pure combinatorial circuits, please specify a virtual clock, otherwise the vectorless estimation might be inaccurate
Running Vector-less Activity Propagation...

Finished Running Vector-less Activity Propagation
Attempting to get a license for feature 'Implementation' and/or device 'xc7a35t'
INFO: [Common 17-349] Got license for feature 'Implementation' and/or device 'xc7a35t'
Running DRC as a precondition to command write_bitstream
INFO: [DRC 23-27] Running DRC with 8 threads
WARNING: [DRC 23-20] Rule violation (CFGBVS-1) Missing CFGBVS and CONFIG_VOLTAGE Design Properties - Neither the CFGBVS nor CONFIG_VOLTAGE voltage property is set in the current_design.  Configuration bank voltage select (CFGBVS) must be set to VCCO or GND, and CONFIG_VOLTAGE must be set to the correct configuration voltage, in order to determine the I/O voltage support for the pins in bank 0.  It is suggested to specify these either using the 'Edit Device Properties' function in the GUI or directly in the XDC file using the following syntax:

 set_property CFGBVS value1 [current_design]
 #where value1 is either VCCO or GND

 set_property CONFIG_VOLTAGE value2 [current_design]
 #where value2 is the voltage provided to configuration bank 0

Refer to the device configuration user guide for more information.
INFO: [Vivado 12-3199] DRC finished with 0 Errors, 1 Warnings
INFO: [Vivado 12-3200] Please refer to the DRC report (report_drc) for more information.
Loading data files...
Loading site data...
Loading route data...
Processing options...
Creating bitmap...
Creating bitstream...
Writing bitstream ./Problem_3.bit...
INFO: [Vivado 12-1842] Bitgen Completed Successfully.
INFO: [Common 17-83] Releasing license: Implementation
write_bitstream: Time (s): cpu = 00:00:45 ; elapsed = 00:00:44 . Memory (MB): peak = 2146.312 ; gain = 213.359 ; free physical = 1683 ; free virtual = 11705
INFO: [Vivado_Tcl 4-395] Unable to parse hwdef file Problem_3.hwdef
INFO: [Common 17-206] Exiting Vivado at Thu Jan 28 14:12:40 2016...
