
*** Running vivado
    with args -log fourBitCLA.vds -m64 -mode batch -messageDb vivado.pb -notrace -source fourBitCLA.tcl


****** Vivado v2015.3 (64-bit)
  **** SW Build 1368829 on Mon Sep 28 20:06:39 MDT 2015
  **** IP Build 1367837 on Mon Sep 28 08:56:14 MDT 2015
    ** Copyright 1986-2015 Xilinx, Inc. All Rights Reserved.

source fourBitCLA.tcl -notrace
Command: synth_design -top fourBitCLA -part xc7a35tcpg236-1
Starting synth_design
Attempting to get a license for feature 'Synthesis' and/or device 'xc7a35t'
INFO: [Common 17-349] Got license for feature 'Synthesis' and/or device 'xc7a35t'
---------------------------------------------------------------------------------
Starting RTL Elaboration : Time (s): cpu = 00:00:18 ; elapsed = 00:00:18 . Memory (MB): peak = 1022.684 ; gain = 161.652 ; free physical = 1322 ; free virtual = 10990
---------------------------------------------------------------------------------
INFO: [Synth 8-638] synthesizing module 'fourBitCLA' [/home/mbrandone/Desktop/2015Year/ELEN232/Project_6/Problem_3/Problem_3.srcs/sources_1/new/4bitCLA.v:23]
INFO: [Synth 8-638] synthesizing module 'CLABlock' [/home/mbrandone/Desktop/2015Year/ELEN232/Project_6/Problem_3/Problem_3.srcs/sources_1/new/CLABlock.v:23]
INFO: [Synth 8-256] done synthesizing module 'CLABlock' (1#1) [/home/mbrandone/Desktop/2015Year/ELEN232/Project_6/Problem_3/Problem_3.srcs/sources_1/new/CLABlock.v:23]
INFO: [Synth 8-638] synthesizing module 'bitAdderCLA' [/home/mbrandone/Desktop/2015Year/ELEN232/Project_6/Problem_3/Problem_3.srcs/sources_1/new/a.v:23]
INFO: [Synth 8-256] done synthesizing module 'bitAdderCLA' (2#1) [/home/mbrandone/Desktop/2015Year/ELEN232/Project_6/Problem_3/Problem_3.srcs/sources_1/new/a.v:23]
INFO: [Synth 8-256] done synthesizing module 'fourBitCLA' (3#1) [/home/mbrandone/Desktop/2015Year/ELEN232/Project_6/Problem_3/Problem_3.srcs/sources_1/new/4bitCLA.v:23]
---------------------------------------------------------------------------------
Finished RTL Elaboration : Time (s): cpu = 00:00:20 ; elapsed = 00:00:21 . Memory (MB): peak = 1062.066 ; gain = 201.035 ; free physical = 1282 ; free virtual = 10950
---------------------------------------------------------------------------------

Report Check Netlist: 
+------+------------------+-------+---------+-------+------------------+
|      |Item              |Errors |Warnings |Status |Description       |
+------+------------------+-------+---------+-------+------------------+
|1     |multi_driven_nets |      0|        0|Passed |Multi driven nets |
+------+------------------+-------+---------+-------+------------------+
---------------------------------------------------------------------------------
Finished RTL Optimization Phase 1 : Time (s): cpu = 00:00:21 ; elapsed = 00:00:21 . Memory (MB): peak = 1062.066 ; gain = 201.035 ; free physical = 1282 ; free virtual = 10950
---------------------------------------------------------------------------------
INFO: [Device 21-403] Loading part xc7a35tcpg236-1
INFO: [Project 1-570] Preparing netlist for logic optimization

Processing XDC Constraints
Initializing timing engine
Parsing XDC File [/home/mbrandone/Desktop/2015Year/ELEN232/Project_6/Problem_3/Problem_3.srcs/constrs_1/new/fourBitCLAConstraints.xdc]
Finished Parsing XDC File [/home/mbrandone/Desktop/2015Year/ELEN232/Project_6/Problem_3/Problem_3.srcs/constrs_1/new/fourBitCLAConstraints.xdc]
INFO: [Project 1-236] Implementation specific constraints were found while reading constraint file [/home/mbrandone/Desktop/2015Year/ELEN232/Project_6/Problem_3/Problem_3.srcs/constrs_1/new/fourBitCLAConstraints.xdc]. These constraints will be ignored for synthesis but will be used in implementation. Impacted constraints are listed in the file [.Xil/fourBitCLA_propImpl.xdc].
Resolution: To avoid this warning, move constraints listed in [.Xil/fourBitCLA_propImpl.xdc] to another XDC file and exclude this new file from synthesis with the used_in_synthesis property (File Properties dialog in GUI) and re-run elaboration/synthesis.
Completed Processing XDC Constraints

INFO: [Project 1-111] Unisim Transformation Summary:
No Unisim elements were transformed.

Constraint Validation Runtime : Time (s): cpu = 00:00:00.01 ; elapsed = 00:00:00 . Memory (MB): peak = 1362.270 ; gain = 0.000 ; free physical = 1053 ; free virtual = 10721
INFO: Launching helper process for spawning children vivado processes
INFO: Helper process launched with PID 31422 
---------------------------------------------------------------------------------
Finished Constraint Validation : Time (s): cpu = 00:00:44 ; elapsed = 00:00:45 . Memory (MB): peak = 1362.270 ; gain = 501.238 ; free physical = 1048 ; free virtual = 10716
---------------------------------------------------------------------------------
---------------------------------------------------------------------------------
Start Loading Part and Timing Information
---------------------------------------------------------------------------------
Loading part: xc7a35tcpg236-1
---------------------------------------------------------------------------------
Finished Loading Part and Timing Information : Time (s): cpu = 00:00:44 ; elapsed = 00:00:45 . Memory (MB): peak = 1362.270 ; gain = 501.238 ; free physical = 1048 ; free virtual = 10716
---------------------------------------------------------------------------------
---------------------------------------------------------------------------------
Start Applying 'set_property' XDC Constraints
---------------------------------------------------------------------------------
---------------------------------------------------------------------------------
Finished applying 'set_property' XDC Constraints : Time (s): cpu = 00:00:44 ; elapsed = 00:00:45 . Memory (MB): peak = 1362.270 ; gain = 501.238 ; free physical = 1048 ; free virtual = 10716
---------------------------------------------------------------------------------
---------------------------------------------------------------------------------
Finished RTL Optimization Phase 2 : Time (s): cpu = 00:00:45 ; elapsed = 00:00:45 . Memory (MB): peak = 1362.270 ; gain = 501.238 ; free physical = 1042 ; free virtual = 10709
---------------------------------------------------------------------------------

Report RTL Partitions: 
+-+--------------+------------+----------+
| |RTL Partition |Replication |Instances |
+-+--------------+------------+----------+
+-+--------------+------------+----------+
---------------------------------------------------------------------------------
Start RTL Component Statistics 
---------------------------------------------------------------------------------
Detailed RTL Component Info : 
+---XORs : 
	   2 Input      1 Bit         XORs := 9     
---------------------------------------------------------------------------------
Finished RTL Component Statistics 
---------------------------------------------------------------------------------
---------------------------------------------------------------------------------
Start RTL Hierarchical Component Statistics 
---------------------------------------------------------------------------------
Hierarchical RTL Component report 
Module fourBitCLA 
Detailed RTL Component Info : 
+---XORs : 
	   2 Input      1 Bit         XORs := 5     
Module CLABlock 
Detailed RTL Component Info : 
+---XORs : 
	   2 Input      1 Bit         XORs := 4     
---------------------------------------------------------------------------------
Finished RTL Hierarchical Component Statistics
---------------------------------------------------------------------------------
---------------------------------------------------------------------------------
Start Part Resource Summary
---------------------------------------------------------------------------------
Part Resources:
DSPs: 90 (col length:60)
BRAMs: 100 (col length: RAMB18 60 RAMB36 30)
---------------------------------------------------------------------------------
Finished Part Resource Summary
---------------------------------------------------------------------------------
Start Parallel Synthesis Optimization  : Time (s): cpu = 00:00:45 ; elapsed = 00:00:46 . Memory (MB): peak = 1362.270 ; gain = 501.238 ; free physical = 1037 ; free virtual = 10705
---------------------------------------------------------------------------------
Start Cross Boundary Optimization
---------------------------------------------------------------------------------
---------------------------------------------------------------------------------
Finished Cross Boundary Optimization : Time (s): cpu = 00:00:45 ; elapsed = 00:00:46 . Memory (MB): peak = 1362.270 ; gain = 501.238 ; free physical = 1038 ; free virtual = 10706
---------------------------------------------------------------------------------
Finished Parallel Reinference  : Time (s): cpu = 00:00:45 ; elapsed = 00:00:46 . Memory (MB): peak = 1362.270 ; gain = 501.238 ; free physical = 1038 ; free virtual = 10706

Report RTL Partitions: 
+-+--------------+------------+----------+
| |RTL Partition |Replication |Instances |
+-+--------------+------------+----------+
+-+--------------+------------+----------+
---------------------------------------------------------------------------------
Start Area Optimization
---------------------------------------------------------------------------------
---------------------------------------------------------------------------------
Finished Area Optimization : Time (s): cpu = 00:00:46 ; elapsed = 00:00:46 . Memory (MB): peak = 1362.270 ; gain = 501.238 ; free physical = 1038 ; free virtual = 10705
---------------------------------------------------------------------------------
Finished Parallel Area Optimization  : Time (s): cpu = 00:00:46 ; elapsed = 00:00:46 . Memory (MB): peak = 1362.270 ; gain = 501.238 ; free physical = 1038 ; free virtual = 10705

Report RTL Partitions: 
+-+--------------+------------+----------+
| |RTL Partition |Replication |Instances |
+-+--------------+------------+----------+
+-+--------------+------------+----------+
---------------------------------------------------------------------------------
Start Timing Optimization
---------------------------------------------------------------------------------
---------------------------------------------------------------------------------
Start Applying XDC Timing Constraints
---------------------------------------------------------------------------------
---------------------------------------------------------------------------------
Finished Applying XDC Timing Constraints : Time (s): cpu = 00:01:12 ; elapsed = 00:01:12 . Memory (MB): peak = 1362.270 ; gain = 501.238 ; free physical = 1044 ; free virtual = 10712
---------------------------------------------------------------------------------
---------------------------------------------------------------------------------
Finished Timing Optimization : Time (s): cpu = 00:01:12 ; elapsed = 00:01:12 . Memory (MB): peak = 1362.270 ; gain = 501.238 ; free physical = 1044 ; free virtual = 10712
---------------------------------------------------------------------------------
Finished Parallel Timing Optimization  : Time (s): cpu = 00:01:12 ; elapsed = 00:01:12 . Memory (MB): peak = 1362.270 ; gain = 501.238 ; free physical = 1044 ; free virtual = 10712

Report RTL Partitions: 
+-+--------------+------------+----------+
| |RTL Partition |Replication |Instances |
+-+--------------+------------+----------+
+-+--------------+------------+----------+
Finished Parallel Synthesis Optimization  : Time (s): cpu = 00:01:12 ; elapsed = 00:01:12 . Memory (MB): peak = 1362.270 ; gain = 501.238 ; free physical = 1044 ; free virtual = 10712
---------------------------------------------------------------------------------
Start Technology Mapping
---------------------------------------------------------------------------------
---------------------------------------------------------------------------------
Finished Technology Mapping : Time (s): cpu = 00:01:12 ; elapsed = 00:01:12 . Memory (MB): peak = 1362.270 ; gain = 501.238 ; free physical = 1044 ; free virtual = 10712
---------------------------------------------------------------------------------

Report RTL Partitions: 
+-+--------------+------------+----------+
| |RTL Partition |Replication |Instances |
+-+--------------+------------+----------+
+-+--------------+------------+----------+
---------------------------------------------------------------------------------
Start IO Insertion
---------------------------------------------------------------------------------
---------------------------------------------------------------------------------
Start Flattening Before IO Insertion
---------------------------------------------------------------------------------
---------------------------------------------------------------------------------
Finished Flattening Before IO Insertion
---------------------------------------------------------------------------------
---------------------------------------------------------------------------------
Start Final Netlist Cleanup
---------------------------------------------------------------------------------
---------------------------------------------------------------------------------
Finished Final Netlist Cleanup
---------------------------------------------------------------------------------
---------------------------------------------------------------------------------
Finished IO Insertion : Time (s): cpu = 00:01:13 ; elapsed = 00:01:13 . Memory (MB): peak = 1362.270 ; gain = 501.238 ; free physical = 1044 ; free virtual = 10712
---------------------------------------------------------------------------------

Report Check Netlist: 
+------+------------------+-------+---------+-------+------------------+
|      |Item              |Errors |Warnings |Status |Description       |
+------+------------------+-------+---------+-------+------------------+
|1     |multi_driven_nets |      0|        0|Passed |Multi driven nets |
+------+------------------+-------+---------+-------+------------------+
---------------------------------------------------------------------------------
Start Renaming Generated Instances
---------------------------------------------------------------------------------
---------------------------------------------------------------------------------
Finished Renaming Generated Instances : Time (s): cpu = 00:01:13 ; elapsed = 00:01:13 . Memory (MB): peak = 1362.270 ; gain = 501.238 ; free physical = 1044 ; free virtual = 10712
---------------------------------------------------------------------------------

Report RTL Partitions: 
+-+--------------+------------+----------+
| |RTL Partition |Replication |Instances |
+-+--------------+------------+----------+
+-+--------------+------------+----------+
---------------------------------------------------------------------------------
Start Rebuilding User Hierarchy
---------------------------------------------------------------------------------
---------------------------------------------------------------------------------
Finished Rebuilding User Hierarchy : Time (s): cpu = 00:01:13 ; elapsed = 00:01:13 . Memory (MB): peak = 1362.270 ; gain = 501.238 ; free physical = 1044 ; free virtual = 10712
---------------------------------------------------------------------------------
---------------------------------------------------------------------------------
Start Renaming Generated Ports
---------------------------------------------------------------------------------
---------------------------------------------------------------------------------
Finished Renaming Generated Ports : Time (s): cpu = 00:01:13 ; elapsed = 00:01:13 . Memory (MB): peak = 1362.270 ; gain = 501.238 ; free physical = 1044 ; free virtual = 10712
---------------------------------------------------------------------------------
---------------------------------------------------------------------------------
Start Handling Custom Attributes
---------------------------------------------------------------------------------
---------------------------------------------------------------------------------
Finished Handling Custom Attributes : Time (s): cpu = 00:01:13 ; elapsed = 00:01:13 . Memory (MB): peak = 1362.270 ; gain = 501.238 ; free physical = 1044 ; free virtual = 10712
---------------------------------------------------------------------------------
---------------------------------------------------------------------------------
Start Renaming Generated Nets
---------------------------------------------------------------------------------
---------------------------------------------------------------------------------
Finished Renaming Generated Nets : Time (s): cpu = 00:01:13 ; elapsed = 00:01:13 . Memory (MB): peak = 1362.270 ; gain = 501.238 ; free physical = 1044 ; free virtual = 10712
---------------------------------------------------------------------------------
---------------------------------------------------------------------------------
Start Writing Synthesis Report
---------------------------------------------------------------------------------

Report BlackBoxes: 
+-+--------------+----------+
| |BlackBox name |Instances |
+-+--------------+----------+
+-+--------------+----------+

Report Cell Usage: 
+------+-----+------+
|      |Cell |Count |
+------+-----+------+
|1     |LUT2 |     1|
|2     |LUT4 |     1|
|3     |LUT5 |     2|
|4     |LUT6 |     2|
|5     |IBUF |     9|
|6     |OBUF |     5|
+------+-----+------+

Report Instance Areas: 
+------+---------+-------+------+
|      |Instance |Module |Cells |
+------+---------+-------+------+
|1     |top      |       |    20|
+------+---------+-------+------+
---------------------------------------------------------------------------------
Finished Writing Synthesis Report : Time (s): cpu = 00:01:13 ; elapsed = 00:01:13 . Memory (MB): peak = 1362.270 ; gain = 501.238 ; free physical = 1044 ; free virtual = 10712
---------------------------------------------------------------------------------
Synthesis finished with 0 errors, 0 critical warnings and 0 warnings.
Synthesis Optimization Runtime : Time (s): cpu = 00:00:59 ; elapsed = 00:00:59 . Memory (MB): peak = 1362.270 ; gain = 83.379 ; free physical = 1044 ; free virtual = 10712
Synthesis Optimization Complete : Time (s): cpu = 00:01:14 ; elapsed = 00:01:14 . Memory (MB): peak = 1362.270 ; gain = 501.238 ; free physical = 1044 ; free virtual = 10712
INFO: [Project 1-571] Translating synthesized netlist
INFO: [Netlist 29-17] Analyzing 9 Unisim elements for replacement
INFO: [Netlist 29-28] Unisim Transformation completed in 0 CPU seconds
INFO: [Project 1-570] Preparing netlist for logic optimization
INFO: [Opt 31-138] Pushed 0 inverter(s) to 0 load pin(s).
INFO: [Project 1-111] Unisim Transformation Summary:
No Unisim elements were transformed.

INFO: [Common 17-83] Releasing license: Synthesis
18 Infos, 0 Warnings, 0 Critical Warnings and 0 Errors encountered.
synth_design completed successfully
synth_design: Time (s): cpu = 00:01:11 ; elapsed = 00:01:11 . Memory (MB): peak = 1362.270 ; gain = 430.016 ; free physical = 1044 ; free virtual = 10712
report_utilization: Time (s): cpu = 00:00:00.26 ; elapsed = 00:00:00.29 . Memory (MB): peak = 1394.289 ; gain = 0.000 ; free physical = 1042 ; free virtual = 10711
INFO: [Common 17-206] Exiting Vivado at Tue Feb 16 09:22:16 2016...
