
*** Running vivado
    with args -log fourBitCLA.vdi -applog -m64 -messageDb vivado.pb -mode batch -source fourBitCLA.tcl -notrace


****** Vivado v2015.3 (64-bit)
  **** SW Build 1368829 on Mon Sep 28 20:06:39 MDT 2015
  **** IP Build 1367837 on Mon Sep 28 08:56:14 MDT 2015
    ** Copyright 1986-2015 Xilinx, Inc. All Rights Reserved.

source fourBitCLA.tcl -notrace
Design is defaulting to srcset: sources_1
Design is defaulting to constrset: constrs_1
INFO: [Netlist 29-17] Analyzing 9 Unisim elements for replacement
INFO: [Netlist 29-28] Unisim Transformation completed in 0 CPU seconds
INFO: [Project 1-479] Netlist was created with Vivado 2015.3
INFO: [Device 21-403] Loading part xc7a35tcpg236-1
INFO: [Project 1-570] Preparing netlist for logic optimization
Parsing XDC File [/home/mbrandone/Desktop/2015Year/ELEN232/Project_6/Problem_3/Problem_3.srcs/constrs_1/new/fourBitCLAConstraints.xdc]
Finished Parsing XDC File [/home/mbrandone/Desktop/2015Year/ELEN232/Project_6/Problem_3/Problem_3.srcs/constrs_1/new/fourBitCLAConstraints.xdc]
INFO: [Opt 31-138] Pushed 0 inverter(s) to 0 load pin(s).
INFO: [Project 1-111] Unisim Transformation Summary:
No Unisim elements were transformed.

link_design: Time (s): cpu = 00:00:10 ; elapsed = 00:00:10 . Memory (MB): peak = 1207.723 ; gain = 275.461 ; free physical = 1183 ; free virtual = 10852
Command: opt_design
Attempting to get a license for feature 'Implementation' and/or device 'xc7a35t'
INFO: [Common 17-349] Got license for feature 'Implementation' and/or device 'xc7a35t'
Running DRC as a precondition to command opt_design

Starting DRC Task
INFO: [DRC 23-27] Running DRC with 8 threads
INFO: [Project 1-461] DRC finished with 0 Errors
INFO: [Project 1-462] Please refer to the DRC report (report_drc) for more information.

Time (s): cpu = 00:00:00.23 ; elapsed = 00:00:00.23 . Memory (MB): peak = 1283.758 ; gain = 68.031 ; free physical = 1180 ; free virtual = 10848
INFO: [Timing 38-35] Done setting XDC timing constraints.

Starting Logic Optimization Task
Implement Debug Cores | Checksum: 16ad6f758

Phase 1 Retarget
INFO: [Opt 31-138] Pushed 0 inverter(s) to 0 load pin(s).
INFO: [Opt 31-49] Retargeted 0 cell(s).
Phase 1 Retarget | Checksum: 16ad6f758

Time (s): cpu = 00:00:00.01 ; elapsed = 00:00:00.01 . Memory (MB): peak = 1670.188 ; gain = 0.000 ; free physical = 834 ; free virtual = 10502

Phase 2 Constant Propagation
INFO: [Opt 31-138] Pushed 0 inverter(s) to 0 load pin(s).
INFO: [Opt 31-10] Eliminated 0 cells.
Phase 2 Constant Propagation | Checksum: 16ad6f758

Time (s): cpu = 00:00:00.02 ; elapsed = 00:00:00.01 . Memory (MB): peak = 1670.188 ; gain = 0.000 ; free physical = 834 ; free virtual = 10502

Phase 3 Sweep
INFO: [Opt 31-12] Eliminated 0 unconnected nets.
INFO: [Opt 31-11] Eliminated 0 unconnected cells.
Phase 3 Sweep | Checksum: 16ad6f758

Time (s): cpu = 00:00:00.02 ; elapsed = 00:00:00.02 . Memory (MB): peak = 1670.188 ; gain = 0.000 ; free physical = 834 ; free virtual = 10502

Starting Connectivity Check Task

Time (s): cpu = 00:00:00 ; elapsed = 00:00:00 . Memory (MB): peak = 1670.188 ; gain = 0.000 ; free physical = 834 ; free virtual = 10502
Ending Logic Optimization Task | Checksum: 16ad6f758

Time (s): cpu = 00:00:00.02 ; elapsed = 00:00:00.02 . Memory (MB): peak = 1670.188 ; gain = 0.000 ; free physical = 834 ; free virtual = 10502

Starting Power Optimization Task
INFO: [Pwropt 34-132] Skipping clock gating for clocks with a period < 2.00 ns.
Ending Power Optimization Task | Checksum: 16ad6f758

Time (s): cpu = 00:00:00.02 ; elapsed = 00:00:00.03 . Memory (MB): peak = 1670.188 ; gain = 0.000 ; free physical = 834 ; free virtual = 10502
INFO: [Common 17-83] Releasing license: Implementation
20 Infos, 0 Warnings, 0 Critical Warnings and 0 Errors encountered.
opt_design completed successfully
opt_design: Time (s): cpu = 00:00:31 ; elapsed = 00:00:31 . Memory (MB): peak = 1670.188 ; gain = 462.465 ; free physical = 834 ; free virtual = 10502
Writing placer database...
Writing XDEF routing.
Writing XDEF routing logical nets.
Writing XDEF routing special nets.
Write XDEF Complete: Time (s): cpu = 00:00:00.04 ; elapsed = 00:00:00.03 . Memory (MB): peak = 1702.203 ; gain = 0.000 ; free physical = 833 ; free virtual = 10502
INFO: [DRC 23-27] Running DRC with 8 threads
INFO: [Coretcl 2-168] The results of DRC are in file /home/mbrandone/Desktop/2015Year/ELEN232/Project_6/Problem_3/Problem_3.runs/impl_1/fourBitCLA_drc_opted.rpt.
INFO: [Vivado_Tcl 4-424] Cannot write hardware definition file as there are no IPI block design hardware handoff files present
Command: place_design
Attempting to get a license for feature 'Implementation' and/or device 'xc7a35t'
INFO: [Common 17-349] Got license for feature 'Implementation' and/or device 'xc7a35t'
INFO: [DRC 23-27] Running DRC with 8 threads
INFO: [Vivado_Tcl 4-198] DRC finished with 0 Errors
INFO: [Vivado_Tcl 4-199] Please refer to the DRC report (report_drc) for more information.
Running DRC as a precondition to command place_design
INFO: [DRC 23-27] Running DRC with 8 threads
INFO: [Vivado_Tcl 4-198] DRC finished with 0 Errors
INFO: [Vivado_Tcl 4-199] Please refer to the DRC report (report_drc) for more information.

Starting Placer Task
INFO: [Place 30-611] Multithreading enabled for place_design using a maximum of 8 CPUs

Phase 1 Placer Initialization
Netlist sorting complete. Time (s): cpu = 00:00:00 ; elapsed = 00:00:00 . Memory (MB): peak = 1734.219 ; gain = 0.000 ; free physical = 831 ; free virtual = 10500
Netlist sorting complete. Time (s): cpu = 00:00:00 ; elapsed = 00:00:00 . Memory (MB): peak = 1734.219 ; gain = 0.000 ; free physical = 831 ; free virtual = 10500

Phase 1.1 IO Placement/ Clock Placement/ Build Placer Device

Phase 1.1.1 Pre-Place Cells
Phase 1.1.1 Pre-Place Cells | Checksum: 699f3a01

Time (s): cpu = 00:00:00.06 ; elapsed = 00:00:00.06 . Memory (MB): peak = 1734.219 ; gain = 0.000 ; free physical = 831 ; free virtual = 10500
INFO: [Timing 38-35] Done setting XDC timing constraints.

Phase 1.1.2 IO and Clk Clean Up
Phase 1.1.2 IO and Clk Clean Up | Checksum: 699f3a01

Time (s): cpu = 00:00:01 ; elapsed = 00:00:01 . Memory (MB): peak = 1750.227 ; gain = 16.008 ; free physical = 831 ; free virtual = 10499

Phase 1.1.3 Implementation Feasibility check On IDelay
Phase 1.1.3 Implementation Feasibility check On IDelay | Checksum: 699f3a01

Time (s): cpu = 00:00:01 ; elapsed = 00:00:01 . Memory (MB): peak = 1750.227 ; gain = 16.008 ; free physical = 831 ; free virtual = 10499

Phase 1.1.4 Commit IO Placement
Phase 1.1.4 Commit IO Placement | Checksum: 699f3a01

Time (s): cpu = 00:00:01 ; elapsed = 00:00:01 . Memory (MB): peak = 1750.227 ; gain = 16.008 ; free physical = 831 ; free virtual = 10499
Phase 1.1 IO Placement/ Clock Placement/ Build Placer Device | Checksum: f1f67ac8

Time (s): cpu = 00:00:01 ; elapsed = 00:00:01 . Memory (MB): peak = 1750.227 ; gain = 16.008 ; free physical = 831 ; free virtual = 10499

Phase 1.2 Build Placer Netlist Model

Phase 1.2.1 Place Init Design
Phase 1.2.1 Place Init Design | Checksum: 1cd8c05de

Time (s): cpu = 00:00:01 ; elapsed = 00:00:01 . Memory (MB): peak = 1750.227 ; gain = 16.008 ; free physical = 831 ; free virtual = 10499
Phase 1.2 Build Placer Netlist Model | Checksum: 1cd8c05de

Time (s): cpu = 00:00:01 ; elapsed = 00:00:01 . Memory (MB): peak = 1750.227 ; gain = 16.008 ; free physical = 831 ; free virtual = 10499

Phase 1.3 Constrain Clocks/Macros

Phase 1.3.1 Constrain Global/Regional Clocks
Phase 1.3.1 Constrain Global/Regional Clocks | Checksum: 1cd8c05de

Time (s): cpu = 00:00:01 ; elapsed = 00:00:01 . Memory (MB): peak = 1750.227 ; gain = 16.008 ; free physical = 831 ; free virtual = 10499
Phase 1.3 Constrain Clocks/Macros | Checksum: 1cd8c05de

Time (s): cpu = 00:00:01 ; elapsed = 00:00:01 . Memory (MB): peak = 1750.227 ; gain = 16.008 ; free physical = 831 ; free virtual = 10499
Phase 1 Placer Initialization | Checksum: 1cd8c05de

Time (s): cpu = 00:00:01 ; elapsed = 00:00:01 . Memory (MB): peak = 1750.227 ; gain = 16.008 ; free physical = 831 ; free virtual = 10499

Phase 2 Global Placement
SimPL: WL = 68904 (8, 68896)
SimPL: WL = 66435 (8, 66427)
SimPL: WL = 64883 (8, 64875)
SimPL: WL = 63909 (8, 63901)
SimPL: WL = 63280 (8, 63272)
Phase 2 Global Placement | Checksum: 1492f23f1

Time (s): cpu = 00:00:04 ; elapsed = 00:00:02 . Memory (MB): peak = 1802.246 ; gain = 68.027 ; free physical = 826 ; free virtual = 10493

Phase 3 Detail Placement

Phase 3.1 Commit Multi Column Macros
Phase 3.1 Commit Multi Column Macros | Checksum: 1492f23f1

Time (s): cpu = 00:00:04 ; elapsed = 00:00:02 . Memory (MB): peak = 1802.246 ; gain = 68.027 ; free physical = 826 ; free virtual = 10493

Phase 3.2 Commit Most Macros & LUTRAMs
Phase 3.2 Commit Most Macros & LUTRAMs | Checksum: 10c6981b7

Time (s): cpu = 00:00:04 ; elapsed = 00:00:02 . Memory (MB): peak = 1802.246 ; gain = 68.027 ; free physical = 826 ; free virtual = 10493

Phase 3.3 Area Swap Optimization
Phase 3.3 Area Swap Optimization | Checksum: 16b3b305e

Time (s): cpu = 00:00:04 ; elapsed = 00:00:02 . Memory (MB): peak = 1802.246 ; gain = 68.027 ; free physical = 826 ; free virtual = 10493

Phase 3.4 Small Shape Detail Placement

Phase 3.4.1 Commit Small Macros and Core Logic

Phase 3.4.1.1 Commit Slice Clusters
Phase 3.4.1.1 Commit Slice Clusters | Checksum: b8fdb2d2

Time (s): cpu = 00:00:04 ; elapsed = 00:00:02 . Memory (MB): peak = 1802.246 ; gain = 68.027 ; free physical = 824 ; free virtual = 10492
Phase 3.4.1 Commit Small Macros and Core Logic | Checksum: b8fdb2d2

Time (s): cpu = 00:00:04 ; elapsed = 00:00:02 . Memory (MB): peak = 1802.246 ; gain = 68.027 ; free physical = 824 ; free virtual = 10492

Phase 3.4.2 Clock Restriction Legalization for Leaf Columns
Phase 3.4.2 Clock Restriction Legalization for Leaf Columns | Checksum: b8fdb2d2

Time (s): cpu = 00:00:05 ; elapsed = 00:00:02 . Memory (MB): peak = 1802.246 ; gain = 68.027 ; free physical = 824 ; free virtual = 10492

Phase 3.4.3 Clock Restriction Legalization for Non-Clock Pins
Phase 3.4.3 Clock Restriction Legalization for Non-Clock Pins | Checksum: b8fdb2d2

Time (s): cpu = 00:00:05 ; elapsed = 00:00:02 . Memory (MB): peak = 1802.246 ; gain = 68.027 ; free physical = 824 ; free virtual = 10492
Phase 3.4 Small Shape Detail Placement | Checksum: b8fdb2d2

Time (s): cpu = 00:00:05 ; elapsed = 00:00:02 . Memory (MB): peak = 1802.246 ; gain = 68.027 ; free physical = 824 ; free virtual = 10492

Phase 3.5 Re-assign LUT pins
Phase 3.5 Re-assign LUT pins | Checksum: b8fdb2d2

Time (s): cpu = 00:00:05 ; elapsed = 00:00:02 . Memory (MB): peak = 1802.246 ; gain = 68.027 ; free physical = 824 ; free virtual = 10492
Phase 3 Detail Placement | Checksum: b8fdb2d2

Time (s): cpu = 00:00:05 ; elapsed = 00:00:02 . Memory (MB): peak = 1802.246 ; gain = 68.027 ; free physical = 824 ; free virtual = 10492

Phase 4 Post Placement Optimization and Clean-Up

Phase 4.1 Post Commit Optimization
Phase 4.1 Post Commit Optimization | Checksum: b8fdb2d2

Time (s): cpu = 00:00:05 ; elapsed = 00:00:02 . Memory (MB): peak = 1802.246 ; gain = 68.027 ; free physical = 824 ; free virtual = 10492

Phase 4.2 Sweep Clock Roots: Post-Placement
Phase 4.2 Sweep Clock Roots: Post-Placement | Checksum: b8fdb2d2

Time (s): cpu = 00:00:05 ; elapsed = 00:00:02 . Memory (MB): peak = 1802.246 ; gain = 68.027 ; free physical = 824 ; free virtual = 10492

Phase 4.3 Post Placement Cleanup
Phase 4.3 Post Placement Cleanup | Checksum: b8fdb2d2

Time (s): cpu = 00:00:05 ; elapsed = 00:00:02 . Memory (MB): peak = 1802.246 ; gain = 68.027 ; free physical = 824 ; free virtual = 10492

Phase 4.4 Placer Reporting
Phase 4.4 Placer Reporting | Checksum: b8fdb2d2

Time (s): cpu = 00:00:05 ; elapsed = 00:00:02 . Memory (MB): peak = 1802.246 ; gain = 68.027 ; free physical = 824 ; free virtual = 10492

Phase 4.5 Final Placement Cleanup
Phase 4.5 Final Placement Cleanup | Checksum: b8fdb2d2

Time (s): cpu = 00:00:05 ; elapsed = 00:00:02 . Memory (MB): peak = 1802.246 ; gain = 68.027 ; free physical = 824 ; free virtual = 10492
Phase 4 Post Placement Optimization and Clean-Up | Checksum: b8fdb2d2

Time (s): cpu = 00:00:05 ; elapsed = 00:00:02 . Memory (MB): peak = 1802.246 ; gain = 68.027 ; free physical = 824 ; free virtual = 10492
Ending Placer Task | Checksum: 8c12b206

Time (s): cpu = 00:00:05 ; elapsed = 00:00:02 . Memory (MB): peak = 1802.246 ; gain = 68.027 ; free physical = 824 ; free virtual = 10492
INFO: [Common 17-83] Releasing license: Implementation
33 Infos, 0 Warnings, 0 Critical Warnings and 0 Errors encountered.
place_design completed successfully
Writing placer database...
Writing XDEF routing.
Writing XDEF routing logical nets.
Writing XDEF routing special nets.
Write XDEF Complete: Time (s): cpu = 00:00:00.04 ; elapsed = 00:00:00.04 . Memory (MB): peak = 1802.246 ; gain = 0.000 ; free physical = 824 ; free virtual = 10492
report_io: Time (s): cpu = 00:00:00.33 ; elapsed = 00:00:00.40 . Memory (MB): peak = 1802.246 ; gain = 0.000 ; free physical = 821 ; free virtual = 10489
report_utilization: Time (s): cpu = 00:00:00.26 ; elapsed = 00:00:00.31 . Memory (MB): peak = 1802.246 ; gain = 0.000 ; free physical = 822 ; free virtual = 10490
report_control_sets: Time (s): cpu = 00:00:00.20 ; elapsed = 00:00:00.27 . Memory (MB): peak = 1802.246 ; gain = 0.000 ; free physical = 821 ; free virtual = 10489
Command: route_design
Attempting to get a license for feature 'Implementation' and/or device 'xc7a35t'
INFO: [Common 17-349] Got license for feature 'Implementation' and/or device 'xc7a35t'
Running DRC as a precondition to command route_design
INFO: [DRC 23-27] Running DRC with 8 threads
INFO: [Vivado_Tcl 4-198] DRC finished with 0 Errors
INFO: [Vivado_Tcl 4-199] Please refer to the DRC report (report_drc) for more information.


Starting Routing Task
INFO: [Route 35-254] Multithreading enabled for route_design using a maximum of 8 CPUs
Checksum: PlaceDB: 3bb713f ConstDB: 0 ShapeSum: 885740c7 RouteDB: 0

Phase 1 Build RT Design
Phase 1 Build RT Design | Checksum: 14701edfd

Time (s): cpu = 00:00:49 ; elapsed = 00:00:42 . Memory (MB): peak = 1815.891 ; gain = 13.645 ; free physical = 723 ; free virtual = 10391

Phase 2 Router Initialization
INFO: [Route 35-64] No timing constraints were detected. The router will operate in resource-optimization mode.

Phase 2.1 Pre Route Cleanup
Phase 2.1 Pre Route Cleanup | Checksum: 14701edfd

Time (s): cpu = 00:00:49 ; elapsed = 00:00:42 . Memory (MB): peak = 1820.879 ; gain = 18.633 ; free physical = 695 ; free virtual = 10364
 Number of Nodes with overlaps = 0
Phase 2 Router Initialization | Checksum: 1a1935b6a

Time (s): cpu = 00:00:50 ; elapsed = 00:00:42 . Memory (MB): peak = 1824.879 ; gain = 22.633 ; free physical = 691 ; free virtual = 10359

Phase 3 Initial Routing
Phase 3 Initial Routing | Checksum: ef815f4f

Time (s): cpu = 00:00:50 ; elapsed = 00:00:43 . Memory (MB): peak = 1824.879 ; gain = 22.633 ; free physical = 691 ; free virtual = 10359

Phase 4 Rip-up And Reroute

Phase 4.1 Global Iteration 0
 Number of Nodes with overlaps = 1
 Number of Nodes with overlaps = 0
Phase 4.1 Global Iteration 0 | Checksum: 13eb26cf6

Time (s): cpu = 00:00:51 ; elapsed = 00:00:43 . Memory (MB): peak = 1824.879 ; gain = 22.633 ; free physical = 691 ; free virtual = 10359
Phase 4 Rip-up And Reroute | Checksum: 13eb26cf6

Time (s): cpu = 00:00:51 ; elapsed = 00:00:43 . Memory (MB): peak = 1824.879 ; gain = 22.633 ; free physical = 691 ; free virtual = 10359

Phase 5 Delay and Skew Optimization
Phase 5 Delay and Skew Optimization | Checksum: 13eb26cf6

Time (s): cpu = 00:00:51 ; elapsed = 00:00:43 . Memory (MB): peak = 1824.879 ; gain = 22.633 ; free physical = 691 ; free virtual = 10359

Phase 6 Post Hold Fix
Phase 6 Post Hold Fix | Checksum: 13eb26cf6

Time (s): cpu = 00:00:51 ; elapsed = 00:00:43 . Memory (MB): peak = 1824.879 ; gain = 22.633 ; free physical = 691 ; free virtual = 10359

Phase 7 Route finalize

Router Utilization Summary
  Global Vertical Routing Utilization    = 0.0652954 %
  Global Horizontal Routing Utilization  = 0.0131442 %
  Routable Net Status*
  *Does not include unroutable nets such as driverless and loadless.
  Run report_route_status for detailed report.
  Number of Failed Nets               = 0
  Number of Unrouted Nets             = 0
  Number of Partially Routed Nets     = 0
  Number of Node Overlaps             = 0

Congestion Report
North Dir 1x1 Area, Max Cong = 16.2162%, No Congested Regions.
South Dir 1x1 Area, Max Cong = 27.027%, No Congested Regions.
East Dir 1x1 Area, Max Cong = 5.88235%, No Congested Regions.
West Dir 1x1 Area, Max Cong = 11.7647%, No Congested Regions.
Phase 7 Route finalize | Checksum: 13eb26cf6

Time (s): cpu = 00:00:52 ; elapsed = 00:00:43 . Memory (MB): peak = 1824.879 ; gain = 22.633 ; free physical = 691 ; free virtual = 10359

Phase 8 Verifying routed nets

 Verification completed successfully
Phase 8 Verifying routed nets | Checksum: 13eb26cf6

Time (s): cpu = 00:00:52 ; elapsed = 00:00:43 . Memory (MB): peak = 1827.879 ; gain = 25.633 ; free physical = 688 ; free virtual = 10356

Phase 9 Depositing Routes
Phase 9 Depositing Routes | Checksum: b9bf1cb7

Time (s): cpu = 00:00:52 ; elapsed = 00:00:43 . Memory (MB): peak = 1827.879 ; gain = 25.633 ; free physical = 688 ; free virtual = 10356
INFO: [Route 35-16] Router Completed Successfully

Time (s): cpu = 00:00:52 ; elapsed = 00:00:43 . Memory (MB): peak = 1827.879 ; gain = 25.633 ; free physical = 688 ; free virtual = 10356

Routing Is Done.
INFO: [Common 17-83] Releasing license: Implementation
41 Infos, 0 Warnings, 0 Critical Warnings and 0 Errors encountered.
route_design completed successfully
route_design: Time (s): cpu = 00:00:53 ; elapsed = 00:00:44 . Memory (MB): peak = 1830.027 ; gain = 27.781 ; free physical = 688 ; free virtual = 10356
Writing placer database...
Writing XDEF routing.
Writing XDEF routing logical nets.
Writing XDEF routing special nets.
Write XDEF Complete: Time (s): cpu = 00:00:00.04 ; elapsed = 00:00:00.03 . Memory (MB): peak = 1830.027 ; gain = 0.000 ; free physical = 687 ; free virtual = 10357
INFO: [DRC 23-27] Running DRC with 8 threads
INFO: [Coretcl 2-168] The results of DRC are in file /home/mbrandone/Desktop/2015Year/ELEN232/Project_6/Problem_3/Problem_3.runs/impl_1/fourBitCLA_drc_routed.rpt.
INFO: [Timing 38-91] UpdateTimingParams: Speed grade: -1, Delay Type: min_max.
INFO: [Timing 38-191] Multithreading enabled for timing update using a maximum of 8 CPUs
WARNING: [Timing 38-313] There are no user specified timing constraints. Timing constraints are needed for proper timing analysis.
WARNING: [Power 33-232] No user defined clocks were found in the design!
Resolution: Please specify clocks using create_clock/create_generated_clock for sequential elements. For pure combinatorial circuits, please specify a virtual clock, otherwise the vectorless estimation might be inaccurate
Running Vector-less Activity Propagation...

Finished Running Vector-less Activity Propagation
Attempting to get a license for feature 'Implementation' and/or device 'xc7a35t'
INFO: [Common 17-349] Got license for feature 'Implementation' and/or device 'xc7a35t'
Running DRC as a precondition to command write_bitstream
INFO: [DRC 23-27] Running DRC with 8 threads
WARNING: [DRC 23-20] Rule violation (CFGBVS-1) Missing CFGBVS and CONFIG_VOLTAGE Design Properties - Neither the CFGBVS nor CONFIG_VOLTAGE voltage property is set in the current_design.  Configuration bank voltage select (CFGBVS) must be set to VCCO or GND, and CONFIG_VOLTAGE must be set to the correct configuration voltage, in order to determine the I/O voltage support for the pins in bank 0.  It is suggested to specify these either using the 'Edit Device Properties' function in the GUI or directly in the XDC file using the following syntax:

 set_property CFGBVS value1 [current_design]
 #where value1 is either VCCO or GND

 set_property CONFIG_VOLTAGE value2 [current_design]
 #where value2 is the voltage provided to configuration bank 0

Refer to the device configuration user guide for more information.
INFO: [Vivado 12-3199] DRC finished with 0 Errors, 1 Warnings
INFO: [Vivado 12-3200] Please refer to the DRC report (report_drc) for more information.
Loading data files...
Loading site data...
Loading route data...
Processing options...
Creating bitmap...
Creating bitstream...
Writing bitstream ./fourBitCLA.bit...
INFO: [Vivado 12-1842] Bitgen Completed Successfully.
INFO: [Common 17-83] Releasing license: Implementation
write_bitstream: Time (s): cpu = 00:00:41 ; elapsed = 00:00:40 . Memory (MB): peak = 2136.035 ; gain = 228.094 ; free physical = 374 ; free virtual = 10045
INFO: [Vivado_Tcl 4-395] Unable to parse hwdef file fourBitCLA.hwdef
INFO: [Common 17-206] Exiting Vivado at Tue Feb 16 09:24:54 2016...
