Vivado Simulator 2015.3
Copyright 1986-1999, 2001-2015 Xilinx, Inc. All Rights Reserved.
Running: /opt/Xilinx/Vivado/2015.3/bin/unwrapped/lnx64.o/xelab -wto b187a08a3aef4a1f81cd1d010d514d8f --debug typical --relax --mt 8 --maxdelay -L xil_defaultlib -L simprims_ver -L secureip --snapshot fourBitAddSubSim_time_impl -transport_int_delays -pulse_r 0 -pulse_int_r 0 xil_defaultlib.fourBitAddSubSim xil_defaultlib.glbl -log elaborate.log 
Using 8 slave threads.
Starting static elaboration
Completed static elaboration
Starting simulation data flow analysis
Completed simulation data flow analysis
INFO: [XSIM 43-3451] SDF backannotation process started with SDF file "fourBitAddSubSim_time_impl.sdf", for root module "fourBitAddSubSim/UUT".
INFO: [XSIM 43-3452] SDF backannotation was successful for SDF file "fourBitAddSubSim_time_impl.sdf", for root module "fourBitAddSubSim/UUT".
Time Resolution for simulation is 1ps
Compiling module simprims_ver.IBUF
Compiling module simprims_ver.OBUF
Compiling module simprims_ver.LUT6
Compiling module simprims_ver.x_lut2_mux4
Compiling module simprims_ver.LUT2
Compiling module simprims_ver.LUT5
Compiling module simprims_ver.LUT4
Compiling module xil_defaultlib.fourBitAddSub
Compiling module xil_defaultlib.fourBitAddSubSim
Compiling module xil_defaultlib.glbl
Built simulation snapshot fourBitAddSubSim_time_impl
