
*** Running vivado
    with args -log Problem_2.vds -m64 -mode batch -messageDb vivado.pb -notrace -source Problem_2.tcl


****** Vivado v2015.3 (64-bit)
  **** SW Build 1368829 on Mon Sep 28 20:06:39 MDT 2015
  **** IP Build 1367837 on Mon Sep 28 08:56:14 MDT 2015
    ** Copyright 1986-2015 Xilinx, Inc. All Rights Reserved.

source Problem_2.tcl -notrace
Command: synth_design -top Problem_2 -part xc7a35tcpg236-1
Starting synth_design
Attempting to get a license for feature 'Synthesis' and/or device 'xc7a35t'
INFO: [Common 17-349] Got license for feature 'Synthesis' and/or device 'xc7a35t'
---------------------------------------------------------------------------------
Starting RTL Elaboration : Time (s): cpu = 00:00:18 ; elapsed = 00:00:18 . Memory (MB): peak = 1022.688 ; gain = 161.652 ; free physical = 1436 ; free virtual = 12124
---------------------------------------------------------------------------------
INFO: [Synth 8-638] synthesizing module 'Problem_2' [/home/mbrandone/Desktop/2015Year/ELEN232/project_2/project_2.srcs/sources_1/new/Problem_2.v:23]
INFO: [Synth 8-256] done synthesizing module 'Problem_2' (1#1) [/home/mbrandone/Desktop/2015Year/ELEN232/project_2/project_2.srcs/sources_1/new/Problem_2.v:23]
---------------------------------------------------------------------------------
Finished RTL Elaboration : Time (s): cpu = 00:00:20 ; elapsed = 00:00:20 . Memory (MB): peak = 1062.070 ; gain = 201.035 ; free physical = 1395 ; free virtual = 12084
---------------------------------------------------------------------------------

Report Check Netlist: 
+------+------------------+-------+---------+-------+------------------+
|      |Item              |Errors |Warnings |Status |Description       |
+------+------------------+-------+---------+-------+------------------+
|1     |multi_driven_nets |      0|        0|Passed |Multi driven nets |
+------+------------------+-------+---------+-------+------------------+
---------------------------------------------------------------------------------
Finished RTL Optimization Phase 1 : Time (s): cpu = 00:00:20 ; elapsed = 00:00:21 . Memory (MB): peak = 1062.070 ; gain = 201.035 ; free physical = 1395 ; free virtual = 12084
---------------------------------------------------------------------------------
INFO: [Device 21-403] Loading part xc7a35tcpg236-1
INFO: [Project 1-570] Preparing netlist for logic optimization

Processing XDC Constraints
Initializing timing engine
Parsing XDC File [/home/mbrandone/Desktop/2015Year/ELEN232/project_2/project_2.srcs/constrs_2/new/Problem_2_constraints.xdc]
Finished Parsing XDC File [/home/mbrandone/Desktop/2015Year/ELEN232/project_2/project_2.srcs/constrs_2/new/Problem_2_constraints.xdc]
INFO: [Project 1-236] Implementation specific constraints were found while reading constraint file [/home/mbrandone/Desktop/2015Year/ELEN232/project_2/project_2.srcs/constrs_2/new/Problem_2_constraints.xdc]. These constraints will be ignored for synthesis but will be used in implementation. Impacted constraints are listed in the file [.Xil/Problem_2_propImpl.xdc].
Resolution: To avoid this warning, move constraints listed in [.Xil/Problem_2_propImpl.xdc] to another XDC file and exclude this new file from synthesis with the used_in_synthesis property (File Properties dialog in GUI) and re-run elaboration/synthesis.
Completed Processing XDC Constraints

INFO: [Project 1-111] Unisim Transformation Summary:
No Unisim elements were transformed.

Constraint Validation Runtime : Time (s): cpu = 00:00:00 ; elapsed = 00:00:00.01 . Memory (MB): peak = 1357.195 ; gain = 0.000 ; free physical = 1173 ; free virtual = 11861
INFO: Launching helper process for spawning children vivado processes
INFO: Helper process launched with PID 29001 
---------------------------------------------------------------------------------
Finished Constraint Validation : Time (s): cpu = 00:00:44 ; elapsed = 00:00:45 . Memory (MB): peak = 1357.195 ; gain = 496.160 ; free physical = 1167 ; free virtual = 11855
---------------------------------------------------------------------------------
---------------------------------------------------------------------------------
Start Loading Part and Timing Information
---------------------------------------------------------------------------------
Loading part: xc7a35tcpg236-1
---------------------------------------------------------------------------------
Finished Loading Part and Timing Information : Time (s): cpu = 00:00:44 ; elapsed = 00:00:45 . Memory (MB): peak = 1357.195 ; gain = 496.160 ; free physical = 1167 ; free virtual = 11855
---------------------------------------------------------------------------------
---------------------------------------------------------------------------------
Start Applying 'set_property' XDC Constraints
---------------------------------------------------------------------------------
---------------------------------------------------------------------------------
Finished applying 'set_property' XDC Constraints : Time (s): cpu = 00:00:44 ; elapsed = 00:00:45 . Memory (MB): peak = 1357.195 ; gain = 496.160 ; free physical = 1167 ; free virtual = 11855
---------------------------------------------------------------------------------
---------------------------------------------------------------------------------
Finished RTL Optimization Phase 2 : Time (s): cpu = 00:00:44 ; elapsed = 00:00:45 . Memory (MB): peak = 1357.195 ; gain = 496.160 ; free physical = 1161 ; free virtual = 11849
---------------------------------------------------------------------------------

Report RTL Partitions: 
+-+--------------+------------+----------+
| |RTL Partition |Replication |Instances |
+-+--------------+------------+----------+
+-+--------------+------------+----------+
---------------------------------------------------------------------------------
Start RTL Component Statistics 
---------------------------------------------------------------------------------
Detailed RTL Component Info : 
---------------------------------------------------------------------------------
Finished RTL Component Statistics 
---------------------------------------------------------------------------------
---------------------------------------------------------------------------------
Start RTL Hierarchical Component Statistics 
---------------------------------------------------------------------------------
Hierarchical RTL Component report 
---------------------------------------------------------------------------------
Finished RTL Hierarchical Component Statistics
---------------------------------------------------------------------------------
---------------------------------------------------------------------------------
Start Part Resource Summary
---------------------------------------------------------------------------------
Part Resources:
DSPs: 90 (col length:60)
BRAMs: 100 (col length: RAMB18 60 RAMB36 30)
---------------------------------------------------------------------------------
Finished Part Resource Summary
---------------------------------------------------------------------------------
Start Parallel Synthesis Optimization  : Time (s): cpu = 00:00:45 ; elapsed = 00:00:45 . Memory (MB): peak = 1357.195 ; gain = 496.160 ; free physical = 1160 ; free virtual = 11848
---------------------------------------------------------------------------------
Start Cross Boundary Optimization
---------------------------------------------------------------------------------
---------------------------------------------------------------------------------
Finished Cross Boundary Optimization : Time (s): cpu = 00:00:45 ; elapsed = 00:00:45 . Memory (MB): peak = 1357.195 ; gain = 496.160 ; free physical = 1161 ; free virtual = 11850
---------------------------------------------------------------------------------
Finished Parallel Reinference  : Time (s): cpu = 00:00:45 ; elapsed = 00:00:45 . Memory (MB): peak = 1357.195 ; gain = 496.160 ; free physical = 1161 ; free virtual = 11850

Report RTL Partitions: 
+-+--------------+------------+----------+
| |RTL Partition |Replication |Instances |
+-+--------------+------------+----------+
+-+--------------+------------+----------+
---------------------------------------------------------------------------------
Start Area Optimization
---------------------------------------------------------------------------------
---------------------------------------------------------------------------------
Finished Area Optimization : Time (s): cpu = 00:00:45 ; elapsed = 00:00:46 . Memory (MB): peak = 1357.195 ; gain = 496.160 ; free physical = 1161 ; free virtual = 11850
---------------------------------------------------------------------------------
Finished Parallel Area Optimization  : Time (s): cpu = 00:00:45 ; elapsed = 00:00:46 . Memory (MB): peak = 1357.195 ; gain = 496.160 ; free physical = 1161 ; free virtual = 11850

Report RTL Partitions: 
+-+--------------+------------+----------+
| |RTL Partition |Replication |Instances |
+-+--------------+------------+----------+
+-+--------------+------------+----------+
---------------------------------------------------------------------------------
Start Timing Optimization
---------------------------------------------------------------------------------
---------------------------------------------------------------------------------
Start Applying XDC Timing Constraints
---------------------------------------------------------------------------------
---------------------------------------------------------------------------------
Finished Applying XDC Timing Constraints : Time (s): cpu = 00:01:11 ; elapsed = 00:01:12 . Memory (MB): peak = 1357.195 ; gain = 496.160 ; free physical = 1134 ; free virtual = 11838
---------------------------------------------------------------------------------
---------------------------------------------------------------------------------
Finished Timing Optimization : Time (s): cpu = 00:01:11 ; elapsed = 00:01:12 . Memory (MB): peak = 1357.195 ; gain = 496.160 ; free physical = 1134 ; free virtual = 11838
---------------------------------------------------------------------------------
Finished Parallel Timing Optimization  : Time (s): cpu = 00:01:11 ; elapsed = 00:01:12 . Memory (MB): peak = 1357.195 ; gain = 496.160 ; free physical = 1134 ; free virtual = 11838

Report RTL Partitions: 
+-+--------------+------------+----------+
| |RTL Partition |Replication |Instances |
+-+--------------+------------+----------+
+-+--------------+------------+----------+
Finished Parallel Synthesis Optimization  : Time (s): cpu = 00:01:11 ; elapsed = 00:01:12 . Memory (MB): peak = 1357.195 ; gain = 496.160 ; free physical = 1134 ; free virtual = 11838
---------------------------------------------------------------------------------
Start Technology Mapping
---------------------------------------------------------------------------------
---------------------------------------------------------------------------------
Finished Technology Mapping : Time (s): cpu = 00:01:11 ; elapsed = 00:01:12 . Memory (MB): peak = 1357.195 ; gain = 496.160 ; free physical = 1126 ; free virtual = 11830
---------------------------------------------------------------------------------

Report RTL Partitions: 
+-+--------------+------------+----------+
| |RTL Partition |Replication |Instances |
+-+--------------+------------+----------+
+-+--------------+------------+----------+
---------------------------------------------------------------------------------
Start IO Insertion
---------------------------------------------------------------------------------
---------------------------------------------------------------------------------
Start Flattening Before IO Insertion
---------------------------------------------------------------------------------
---------------------------------------------------------------------------------
Finished Flattening Before IO Insertion
---------------------------------------------------------------------------------
---------------------------------------------------------------------------------
Start Final Netlist Cleanup
---------------------------------------------------------------------------------
---------------------------------------------------------------------------------
Finished Final Netlist Cleanup
---------------------------------------------------------------------------------
---------------------------------------------------------------------------------
Finished IO Insertion : Time (s): cpu = 00:01:13 ; elapsed = 00:01:13 . Memory (MB): peak = 1357.195 ; gain = 496.160 ; free physical = 1125 ; free virtual = 11830
---------------------------------------------------------------------------------

Report Check Netlist: 
+------+------------------+-------+---------+-------+------------------+
|      |Item              |Errors |Warnings |Status |Description       |
+------+------------------+-------+---------+-------+------------------+
|1     |multi_driven_nets |      0|        0|Passed |Multi driven nets |
+------+------------------+-------+---------+-------+------------------+
---------------------------------------------------------------------------------
Start Renaming Generated Instances
---------------------------------------------------------------------------------
---------------------------------------------------------------------------------
Finished Renaming Generated Instances : Time (s): cpu = 00:01:13 ; elapsed = 00:01:13 . Memory (MB): peak = 1357.195 ; gain = 496.160 ; free physical = 1125 ; free virtual = 11830
---------------------------------------------------------------------------------

Report RTL Partitions: 
+-+--------------+------------+----------+
| |RTL Partition |Replication |Instances |
+-+--------------+------------+----------+
+-+--------------+------------+----------+
---------------------------------------------------------------------------------
Start Rebuilding User Hierarchy
---------------------------------------------------------------------------------
---------------------------------------------------------------------------------
Finished Rebuilding User Hierarchy : Time (s): cpu = 00:01:13 ; elapsed = 00:01:13 . Memory (MB): peak = 1357.195 ; gain = 496.160 ; free physical = 1125 ; free virtual = 11830
---------------------------------------------------------------------------------
---------------------------------------------------------------------------------
Start Renaming Generated Ports
---------------------------------------------------------------------------------
---------------------------------------------------------------------------------
Finished Renaming Generated Ports : Time (s): cpu = 00:01:13 ; elapsed = 00:01:13 . Memory (MB): peak = 1357.195 ; gain = 496.160 ; free physical = 1125 ; free virtual = 11830
---------------------------------------------------------------------------------
---------------------------------------------------------------------------------
Start Handling Custom Attributes
---------------------------------------------------------------------------------
---------------------------------------------------------------------------------
Finished Handling Custom Attributes : Time (s): cpu = 00:01:13 ; elapsed = 00:01:13 . Memory (MB): peak = 1357.195 ; gain = 496.160 ; free physical = 1125 ; free virtual = 11829
---------------------------------------------------------------------------------
---------------------------------------------------------------------------------
Start Renaming Generated Nets
---------------------------------------------------------------------------------
---------------------------------------------------------------------------------
Finished Renaming Generated Nets : Time (s): cpu = 00:01:13 ; elapsed = 00:01:13 . Memory (MB): peak = 1357.195 ; gain = 496.160 ; free physical = 1125 ; free virtual = 11829
---------------------------------------------------------------------------------
---------------------------------------------------------------------------------
Start Writing Synthesis Report
---------------------------------------------------------------------------------

Report BlackBoxes: 
+-+--------------+----------+
| |BlackBox name |Instances |
+-+--------------+----------+
+-+--------------+----------+

Report Cell Usage: 
+------+-----+------+
|      |Cell |Count |
+------+-----+------+
|1     |LUT6 |     2|
|2     |IBUF |     6|
|3     |OBUF |     2|
+------+-----+------+

Report Instance Areas: 
+------+---------+-------+------+
|      |Instance |Module |Cells |
+------+---------+-------+------+
|1     |top      |       |    10|
+------+---------+-------+------+
---------------------------------------------------------------------------------
Finished Writing Synthesis Report : Time (s): cpu = 00:01:13 ; elapsed = 00:01:13 . Memory (MB): peak = 1357.195 ; gain = 496.160 ; free physical = 1125 ; free virtual = 11829
---------------------------------------------------------------------------------
Synthesis finished with 0 errors, 0 critical warnings and 0 warnings.
Synthesis Optimization Runtime : Time (s): cpu = 00:00:58 ; elapsed = 00:00:58 . Memory (MB): peak = 1357.195 ; gain = 83.379 ; free physical = 1125 ; free virtual = 11830
Synthesis Optimization Complete : Time (s): cpu = 00:01:13 ; elapsed = 00:01:13 . Memory (MB): peak = 1357.195 ; gain = 496.160 ; free physical = 1125 ; free virtual = 11830
INFO: [Project 1-571] Translating synthesized netlist
INFO: [Netlist 29-17] Analyzing 6 Unisim elements for replacement
INFO: [Netlist 29-28] Unisim Transformation completed in 0 CPU seconds
INFO: [Project 1-570] Preparing netlist for logic optimization
INFO: [Opt 31-138] Pushed 0 inverter(s) to 0 load pin(s).
INFO: [Project 1-111] Unisim Transformation Summary:
No Unisim elements were transformed.

INFO: [Common 17-83] Releasing license: Synthesis
14 Infos, 0 Warnings, 0 Critical Warnings and 0 Errors encountered.
synth_design completed successfully
synth_design: Time (s): cpu = 00:01:11 ; elapsed = 00:01:11 . Memory (MB): peak = 1357.195 ; gain = 424.938 ; free physical = 1125 ; free virtual = 11830
report_utilization: Time (s): cpu = 00:00:00.23 ; elapsed = 00:00:00.28 . Memory (MB): peak = 1357.195 ; gain = 0.000 ; free physical = 1120 ; free virtual = 11825
INFO: [Common 17-206] Exiting Vivado at Thu Jan  7 14:06:14 2016...
