
*** Running vivado
    with args -log fourBitMultiplier.vds -m64 -mode batch -messageDb vivado.pb -notrace -source fourBitMultiplier.tcl


****** Vivado v2015.3 (64-bit)
  **** SW Build 1368829 on Mon Sep 28 20:06:39 MDT 2015
  **** IP Build 1367837 on Mon Sep 28 08:56:14 MDT 2015
    ** Copyright 1986-2015 Xilinx, Inc. All Rights Reserved.

source fourBitMultiplier.tcl -notrace
Command: synth_design -top fourBitMultiplier -part xc7a35tcpg236-1
Starting synth_design
Attempting to get a license for feature 'Synthesis' and/or device 'xc7a35t'
INFO: [Common 17-349] Got license for feature 'Synthesis' and/or device 'xc7a35t'
---------------------------------------------------------------------------------
Starting RTL Elaboration : Time (s): cpu = 00:00:18 ; elapsed = 00:00:18 . Memory (MB): peak = 1022.688 ; gain = 161.652 ; free physical = 908 ; free virtual = 10758
---------------------------------------------------------------------------------
INFO: [Synth 8-638] synthesizing module 'fourBitMultiplier' [/home/mbrandone/Desktop/2015Year/ELEN232/Project_6/ImAFuckingPotato/ImAFuckingPotato.srcs/sources_1/new/fourBitMultiplier.v:23]
INFO: [Synth 8-638] synthesizing module 'multPreRun' [/home/mbrandone/Desktop/2015Year/ELEN232/Project_6/ImAFuckingPotato/ImAFuckingPotato.srcs/sources_1/new/multPreRun.v:23]
INFO: [Synth 8-256] done synthesizing module 'multPreRun' (1#1) [/home/mbrandone/Desktop/2015Year/ELEN232/Project_6/ImAFuckingPotato/ImAFuckingPotato.srcs/sources_1/new/multPreRun.v:23]
INFO: [Synth 8-638] synthesizing module 'fourBitRCA' [/home/mbrandone/Desktop/2015Year/ELEN232/Project_6/ImAFuckingPotato/ImAFuckingPotato.srcs/sources_1/new/fourBitRCA.v:23]
INFO: [Synth 8-638] synthesizing module 'bitAdder' [/home/mbrandone/Desktop/2015Year/ELEN232/Project_6/ImAFuckingPotato/ImAFuckingPotato.srcs/sources_1/new/bitAdder.v:23]
INFO: [Synth 8-256] done synthesizing module 'bitAdder' (2#1) [/home/mbrandone/Desktop/2015Year/ELEN232/Project_6/ImAFuckingPotato/ImAFuckingPotato.srcs/sources_1/new/bitAdder.v:23]
INFO: [Synth 8-256] done synthesizing module 'fourBitRCA' (3#1) [/home/mbrandone/Desktop/2015Year/ELEN232/Project_6/ImAFuckingPotato/ImAFuckingPotato.srcs/sources_1/new/fourBitRCA.v:23]
INFO: [Synth 8-256] done synthesizing module 'fourBitMultiplier' (4#1) [/home/mbrandone/Desktop/2015Year/ELEN232/Project_6/ImAFuckingPotato/ImAFuckingPotato.srcs/sources_1/new/fourBitMultiplier.v:23]
---------------------------------------------------------------------------------
Finished RTL Elaboration : Time (s): cpu = 00:00:20 ; elapsed = 00:00:21 . Memory (MB): peak = 1062.070 ; gain = 201.035 ; free physical = 867 ; free virtual = 10717
---------------------------------------------------------------------------------

Report Check Netlist: 
+------+------------------+-------+---------+-------+------------------+
|      |Item              |Errors |Warnings |Status |Description       |
+------+------------------+-------+---------+-------+------------------+
|1     |multi_driven_nets |      0|        0|Passed |Multi driven nets |
+------+------------------+-------+---------+-------+------------------+
---------------------------------------------------------------------------------
Finished RTL Optimization Phase 1 : Time (s): cpu = 00:00:21 ; elapsed = 00:00:21 . Memory (MB): peak = 1062.070 ; gain = 201.035 ; free physical = 867 ; free virtual = 10716
---------------------------------------------------------------------------------
INFO: [Device 21-403] Loading part xc7a35tcpg236-1
INFO: [Project 1-570] Preparing netlist for logic optimization

Processing XDC Constraints
Initializing timing engine
Parsing XDC File [/home/mbrandone/Desktop/2015Year/ELEN232/Project_6/ImAFuckingPotato/ImAFuckingPotato.srcs/constrs_1/new/fourBitMultiplierConstraints.xdc]
Finished Parsing XDC File [/home/mbrandone/Desktop/2015Year/ELEN232/Project_6/ImAFuckingPotato/ImAFuckingPotato.srcs/constrs_1/new/fourBitMultiplierConstraints.xdc]
INFO: [Project 1-236] Implementation specific constraints were found while reading constraint file [/home/mbrandone/Desktop/2015Year/ELEN232/Project_6/ImAFuckingPotato/ImAFuckingPotato.srcs/constrs_1/new/fourBitMultiplierConstraints.xdc]. These constraints will be ignored for synthesis but will be used in implementation. Impacted constraints are listed in the file [.Xil/fourBitMultiplier_propImpl.xdc].
Resolution: To avoid this warning, move constraints listed in [.Xil/fourBitMultiplier_propImpl.xdc] to another XDC file and exclude this new file from synthesis with the used_in_synthesis property (File Properties dialog in GUI) and re-run elaboration/synthesis.
Completed Processing XDC Constraints

INFO: [Project 1-111] Unisim Transformation Summary:
No Unisim elements were transformed.

Constraint Validation Runtime : Time (s): cpu = 00:00:00 ; elapsed = 00:00:00.01 . Memory (MB): peak = 1375.281 ; gain = 0.000 ; free physical = 702 ; free virtual = 10551
INFO: Launching helper process for spawning children vivado processes
INFO: Helper process launched with PID 30074 
---------------------------------------------------------------------------------
Finished Constraint Validation : Time (s): cpu = 00:00:44 ; elapsed = 00:00:45 . Memory (MB): peak = 1375.281 ; gain = 514.246 ; free physical = 698 ; free virtual = 10548
---------------------------------------------------------------------------------
---------------------------------------------------------------------------------
Start Loading Part and Timing Information
---------------------------------------------------------------------------------
Loading part: xc7a35tcpg236-1
---------------------------------------------------------------------------------
Finished Loading Part and Timing Information : Time (s): cpu = 00:00:44 ; elapsed = 00:00:45 . Memory (MB): peak = 1375.281 ; gain = 514.246 ; free physical = 698 ; free virtual = 10548
---------------------------------------------------------------------------------
---------------------------------------------------------------------------------
Start Applying 'set_property' XDC Constraints
---------------------------------------------------------------------------------
---------------------------------------------------------------------------------
Finished applying 'set_property' XDC Constraints : Time (s): cpu = 00:00:44 ; elapsed = 00:00:45 . Memory (MB): peak = 1375.281 ; gain = 514.246 ; free physical = 698 ; free virtual = 10548
---------------------------------------------------------------------------------
---------------------------------------------------------------------------------
Finished RTL Optimization Phase 2 : Time (s): cpu = 00:00:45 ; elapsed = 00:00:46 . Memory (MB): peak = 1375.281 ; gain = 514.246 ; free physical = 694 ; free virtual = 10544
---------------------------------------------------------------------------------

Report RTL Partitions: 
+-+--------------+------------+----------+
| |RTL Partition |Replication |Instances |
+-+--------------+------------+----------+
+-+--------------+------------+----------+
---------------------------------------------------------------------------------
Start RTL Component Statistics 
---------------------------------------------------------------------------------
Detailed RTL Component Info : 
+---XORs : 
	   2 Input      1 Bit         XORs := 15    
---------------------------------------------------------------------------------
Finished RTL Component Statistics 
---------------------------------------------------------------------------------
---------------------------------------------------------------------------------
Start RTL Hierarchical Component Statistics 
---------------------------------------------------------------------------------
Hierarchical RTL Component report 
Module fourBitRCA 
Detailed RTL Component Info : 
+---XORs : 
	   2 Input      1 Bit         XORs := 5     
---------------------------------------------------------------------------------
Finished RTL Hierarchical Component Statistics
---------------------------------------------------------------------------------
---------------------------------------------------------------------------------
Start Part Resource Summary
---------------------------------------------------------------------------------
Part Resources:
DSPs: 90 (col length:60)
BRAMs: 100 (col length: RAMB18 60 RAMB36 30)
---------------------------------------------------------------------------------
Finished Part Resource Summary
---------------------------------------------------------------------------------
Start Parallel Synthesis Optimization  : Time (s): cpu = 00:00:45 ; elapsed = 00:00:46 . Memory (MB): peak = 1375.281 ; gain = 514.246 ; free physical = 694 ; free virtual = 10544
---------------------------------------------------------------------------------
Start Cross Boundary Optimization
---------------------------------------------------------------------------------
---------------------------------------------------------------------------------
Finished Cross Boundary Optimization : Time (s): cpu = 00:00:46 ; elapsed = 00:00:46 . Memory (MB): peak = 1375.281 ; gain = 514.246 ; free physical = 696 ; free virtual = 10546
---------------------------------------------------------------------------------
Finished Parallel Reinference  : Time (s): cpu = 00:00:46 ; elapsed = 00:00:46 . Memory (MB): peak = 1375.281 ; gain = 514.246 ; free physical = 696 ; free virtual = 10546

Report RTL Partitions: 
+-+--------------+------------+----------+
| |RTL Partition |Replication |Instances |
+-+--------------+------------+----------+
+-+--------------+------------+----------+
---------------------------------------------------------------------------------
Start Area Optimization
---------------------------------------------------------------------------------
---------------------------------------------------------------------------------
Finished Area Optimization : Time (s): cpu = 00:00:46 ; elapsed = 00:00:47 . Memory (MB): peak = 1375.281 ; gain = 514.246 ; free physical = 676 ; free virtual = 10526
---------------------------------------------------------------------------------
Finished Parallel Area Optimization  : Time (s): cpu = 00:00:46 ; elapsed = 00:00:47 . Memory (MB): peak = 1375.281 ; gain = 514.246 ; free physical = 676 ; free virtual = 10526

Report RTL Partitions: 
+-+--------------+------------+----------+
| |RTL Partition |Replication |Instances |
+-+--------------+------------+----------+
+-+--------------+------------+----------+
---------------------------------------------------------------------------------
Start Timing Optimization
---------------------------------------------------------------------------------
---------------------------------------------------------------------------------
Start Applying XDC Timing Constraints
---------------------------------------------------------------------------------
---------------------------------------------------------------------------------
Finished Applying XDC Timing Constraints : Time (s): cpu = 00:01:13 ; elapsed = 00:01:14 . Memory (MB): peak = 1375.281 ; gain = 514.246 ; free physical = 626 ; free virtual = 10475
---------------------------------------------------------------------------------
---------------------------------------------------------------------------------
Finished Timing Optimization : Time (s): cpu = 00:01:13 ; elapsed = 00:01:14 . Memory (MB): peak = 1375.281 ; gain = 514.246 ; free physical = 626 ; free virtual = 10475
---------------------------------------------------------------------------------
Finished Parallel Timing Optimization  : Time (s): cpu = 00:01:13 ; elapsed = 00:01:14 . Memory (MB): peak = 1375.281 ; gain = 514.246 ; free physical = 626 ; free virtual = 10475

Report RTL Partitions: 
+-+--------------+------------+----------+
| |RTL Partition |Replication |Instances |
+-+--------------+------------+----------+
+-+--------------+------------+----------+
Finished Parallel Synthesis Optimization  : Time (s): cpu = 00:01:13 ; elapsed = 00:01:14 . Memory (MB): peak = 1375.281 ; gain = 514.246 ; free physical = 626 ; free virtual = 10475
---------------------------------------------------------------------------------
Start Technology Mapping
---------------------------------------------------------------------------------
---------------------------------------------------------------------------------
Finished Technology Mapping : Time (s): cpu = 00:01:13 ; elapsed = 00:01:14 . Memory (MB): peak = 1375.281 ; gain = 514.246 ; free physical = 619 ; free virtual = 10469
---------------------------------------------------------------------------------

Report RTL Partitions: 
+-+--------------+------------+----------+
| |RTL Partition |Replication |Instances |
+-+--------------+------------+----------+
+-+--------------+------------+----------+
---------------------------------------------------------------------------------
Start IO Insertion
---------------------------------------------------------------------------------
---------------------------------------------------------------------------------
Start Flattening Before IO Insertion
---------------------------------------------------------------------------------
---------------------------------------------------------------------------------
Finished Flattening Before IO Insertion
---------------------------------------------------------------------------------
---------------------------------------------------------------------------------
Start Final Netlist Cleanup
---------------------------------------------------------------------------------
---------------------------------------------------------------------------------
Finished Final Netlist Cleanup
---------------------------------------------------------------------------------
---------------------------------------------------------------------------------
Finished IO Insertion : Time (s): cpu = 00:01:15 ; elapsed = 00:01:15 . Memory (MB): peak = 1375.281 ; gain = 514.246 ; free physical = 624 ; free virtual = 10474
---------------------------------------------------------------------------------

Report Check Netlist: 
+------+------------------+-------+---------+-------+------------------+
|      |Item              |Errors |Warnings |Status |Description       |
+------+------------------+-------+---------+-------+------------------+
|1     |multi_driven_nets |      0|        0|Passed |Multi driven nets |
+------+------------------+-------+---------+-------+------------------+
---------------------------------------------------------------------------------
Start Renaming Generated Instances
---------------------------------------------------------------------------------
---------------------------------------------------------------------------------
Finished Renaming Generated Instances : Time (s): cpu = 00:01:15 ; elapsed = 00:01:15 . Memory (MB): peak = 1375.281 ; gain = 514.246 ; free physical = 624 ; free virtual = 10474
---------------------------------------------------------------------------------

Report RTL Partitions: 
+-+--------------+------------+----------+
| |RTL Partition |Replication |Instances |
+-+--------------+------------+----------+
+-+--------------+------------+----------+
---------------------------------------------------------------------------------
Start Rebuilding User Hierarchy
---------------------------------------------------------------------------------
---------------------------------------------------------------------------------
Finished Rebuilding User Hierarchy : Time (s): cpu = 00:01:15 ; elapsed = 00:01:15 . Memory (MB): peak = 1375.281 ; gain = 514.246 ; free physical = 624 ; free virtual = 10474
---------------------------------------------------------------------------------
---------------------------------------------------------------------------------
Start Renaming Generated Ports
---------------------------------------------------------------------------------
---------------------------------------------------------------------------------
Finished Renaming Generated Ports : Time (s): cpu = 00:01:15 ; elapsed = 00:01:15 . Memory (MB): peak = 1375.281 ; gain = 514.246 ; free physical = 624 ; free virtual = 10474
---------------------------------------------------------------------------------
---------------------------------------------------------------------------------
Start Handling Custom Attributes
---------------------------------------------------------------------------------
---------------------------------------------------------------------------------
Finished Handling Custom Attributes : Time (s): cpu = 00:01:15 ; elapsed = 00:01:15 . Memory (MB): peak = 1375.281 ; gain = 514.246 ; free physical = 624 ; free virtual = 10474
---------------------------------------------------------------------------------
---------------------------------------------------------------------------------
Start Renaming Generated Nets
---------------------------------------------------------------------------------
---------------------------------------------------------------------------------
Finished Renaming Generated Nets : Time (s): cpu = 00:01:15 ; elapsed = 00:01:15 . Memory (MB): peak = 1375.281 ; gain = 514.246 ; free physical = 624 ; free virtual = 10474
---------------------------------------------------------------------------------
---------------------------------------------------------------------------------
Start Writing Synthesis Report
---------------------------------------------------------------------------------

Report BlackBoxes: 
+-+--------------+----------+
| |BlackBox name |Instances |
+-+--------------+----------+
+-+--------------+----------+

Report Cell Usage: 
+------+-----+------+
|      |Cell |Count |
+------+-----+------+
|1     |LUT2 |     1|
|2     |LUT4 |     6|
|3     |LUT6 |    11|
|4     |IBUF |     8|
|5     |OBUF |     8|
+------+-----+------+

Report Instance Areas: 
+------+---------+-------+------+
|      |Instance |Module |Cells |
+------+---------+-------+------+
|1     |top      |       |    34|
+------+---------+-------+------+
---------------------------------------------------------------------------------
Finished Writing Synthesis Report : Time (s): cpu = 00:01:15 ; elapsed = 00:01:15 . Memory (MB): peak = 1375.281 ; gain = 514.246 ; free physical = 624 ; free virtual = 10474
---------------------------------------------------------------------------------
Synthesis finished with 0 errors, 0 critical warnings and 0 warnings.
Synthesis Optimization Runtime : Time (s): cpu = 00:01:00 ; elapsed = 00:01:01 . Memory (MB): peak = 1375.281 ; gain = 83.379 ; free physical = 624 ; free virtual = 10474
Synthesis Optimization Complete : Time (s): cpu = 00:01:15 ; elapsed = 00:01:16 . Memory (MB): peak = 1375.281 ; gain = 514.246 ; free physical = 624 ; free virtual = 10474
INFO: [Project 1-571] Translating synthesized netlist
INFO: [Netlist 29-17] Analyzing 8 Unisim elements for replacement
INFO: [Netlist 29-28] Unisim Transformation completed in 0 CPU seconds
INFO: [Project 1-570] Preparing netlist for logic optimization
INFO: [Opt 31-138] Pushed 0 inverter(s) to 0 load pin(s).
INFO: [Project 1-111] Unisim Transformation Summary:
No Unisim elements were transformed.

INFO: [Common 17-83] Releasing license: Synthesis
20 Infos, 0 Warnings, 0 Critical Warnings and 0 Errors encountered.
synth_design completed successfully
synth_design: Time (s): cpu = 00:01:13 ; elapsed = 00:01:13 . Memory (MB): peak = 1375.281 ; gain = 443.023 ; free physical = 626 ; free virtual = 10476
report_utilization: Time (s): cpu = 00:00:00.24 ; elapsed = 00:00:00.30 . Memory (MB): peak = 1407.301 ; gain = 0.000 ; free physical = 625 ; free virtual = 10475
INFO: [Common 17-206] Exiting Vivado at Tue Feb 16 09:12:33 2016...
